2024/01/03 02:26:03 - mmengine - INFO - 
------------------------------------------------------------
System environment:
    sys.platform: linux
    Python: 3.11.5 (main, Sep 11 2023, 13:54:46) [GCC 11.2.0]
    CUDA available: True
    numpy_random_seed: 887670084
    GPU 0: NVIDIA RTX A5000
    CUDA_HOME: None
    GCC: gcc (GCC) 8.5.0 20210514 (Red Hat 8.5.0-18)
    PyTorch: 2.1.2+cu118
    PyTorch compiling details: PyTorch built with:
  - GCC 9.3
  - C++ Version: 201703
  - Intel(R) oneAPI Math Kernel Library Version 2022.2-Product Build 20220804 for Intel(R) 64 architecture applications
  - Intel(R) MKL-DNN v3.1.1 (Git Hash 64f6bcbcbab628e96f33a62c3e975f8535a7bde4)
  - OpenMP 201511 (a.k.a. OpenMP 4.5)
  - LAPACK is enabled (usually provided by MKL)
  - NNPACK is enabled
  - CPU capability usage: AVX2
  - CUDA Runtime 11.8
  - NVCC architecture flags: -gencode;arch=compute_50,code=sm_50;-gencode;arch=compute_60,code=sm_60;-gencode;arch=compute_70,code=sm_70;-gencode;arch=compute_75,code=sm_75;-gencode;arch=compute_80,code=sm_80;-gencode;arch=compute_86,code=sm_86;-gencode;arch=compute_37,code=sm_37;-gencode;arch=compute_90,code=sm_90
  - CuDNN 8.7
  - Magma 2.6.1
  - Build settings: BLAS_INFO=mkl, BUILD_TYPE=Release, CUDA_VERSION=11.8, CUDNN_VERSION=8.7.0, CXX_COMPILER=/opt/rh/devtoolset-9/root/usr/bin/c++, CXX_FLAGS= -D_GLIBCXX_USE_CXX11_ABI=0 -fabi-version=11 -fvisibility-inlines-hidden -DUSE_PTHREADPOOL -DNDEBUG -DUSE_KINETO -DLIBKINETO_NOROCTRACER -DUSE_FBGEMM -DUSE_QNNPACK -DUSE_PYTORCH_QNNPACK -DUSE_XNNPACK -DSYMBOLICATE_MOBILE_DEBUG_HANDLE -O2 -fPIC -Wall -Wextra -Werror=return-type -Werror=non-virtual-dtor -Werror=bool-operation -Wnarrowing -Wno-missing-field-initializers -Wno-type-limits -Wno-array-bounds -Wno-unknown-pragmas -Wno-unused-parameter -Wno-unused-function -Wno-unused-result -Wno-strict-overflow -Wno-strict-aliasing -Wno-stringop-overflow -Wno-psabi -Wno-error=pedantic -Wno-error=old-style-cast -Wno-invalid-partial-specialization -Wno-unused-private-field -Wno-aligned-allocation-unavailable -Wno-missing-braces -fdiagnostics-color=always -faligned-new -Wno-unused-but-set-variable -Wno-maybe-uninitialized -fno-math-errno -fno-trapping-math -Werror=format -Werror=cast-function-type -Wno-stringop-overflow, LAPACK_INFO=mkl, PERF_WITH_AVX=1, PERF_WITH_AVX2=1, PERF_WITH_AVX512=1, TORCH_DISABLE_GPU_ASSERTS=ON, TORCH_VERSION=2.1.2, USE_CUDA=ON, USE_CUDNN=ON, USE_EXCEPTION_PTR=1, USE_GFLAGS=OFF, USE_GLOG=OFF, USE_MKL=ON, USE_MKLDNN=ON, USE_MPI=OFF, USE_NCCL=1, USE_NNPACK=ON, USE_OPENMP=ON, USE_ROCM=OFF, 

    TorchVision: 0.16.2+cu118
    OpenCV: 4.8.1
    MMEngine: 0.10.2

Runtime environment:
    cudnn_benchmark: True
    mp_cfg: {'mp_start_method': 'fork', 'opencv_num_threads': 0}
    dist_cfg: {'backend': 'nccl'}
    seed: 887670084
    Distributed launcher: slurm
    Distributed training: True
    GPU number: 1
------------------------------------------------------------

2024/01/03 02:26:03 - mmengine - INFO - Config:
ann_dir = 'Labels'
crop_size = (
    1080,
    1920,
)
data_preprocessor = dict(
    bgr_to_rgb=True,
    mean=[
        123.675,
        116.28,
        103.53,
    ],
    pad_val=0,
    seg_pad_val=255,
    size=(
        1080,
        1920,
    ),
    std=[
        58.395,
        57.12,
        57.375,
    ],
    type='SegDataPreProcessor')
data_root = 'Dataset'
dataset_type = 'SoccerNet'
default_hooks = dict(
    checkpoint=dict(
        by_epoch=False,
        interval=700,
        max_keep_ckpts=2,
        save_best='mIoU',
        type='CheckpointHook'),
    logger=dict(interval=50, log_metric_by_epoch=False, type='LoggerHook'),
    param_scheduler=dict(type='ParamSchedulerHook'),
    sampler_seed=dict(type='DistSamplerSeedHook'),
    timer=dict(type='IterTimerHook'),
    visualization=dict(type='SegVisualizationHook'))
default_scope = 'mmseg'
env_cfg = dict(
    cudnn_benchmark=True,
    dist_cfg=dict(backend='nccl'),
    mp_cfg=dict(mp_start_method='fork', opencv_num_threads=0))
img_dir = 'Images'
img_ratios = [
    0.5,
    0.75,
    1.0,
    1.25,
    1.5,
    1.75,
]
launcher = 'slurm'
load_from = None
log_level = 'INFO'
log_processor = dict(by_epoch=False)
model = dict(
    auxiliary_head=dict(
        align_corners=False,
        channels=256,
        concat_input=False,
        dropout_ratio=0.1,
        in_channels=1024,
        in_index=2,
        loss_decode=dict(
            loss_weight=0.4, type='CrossEntropyLoss', use_sigmoid=False),
        norm_cfg=dict(requires_grad=True, type='BN'),
        num_classes=3,
        num_convs=1,
        type='FCNHead'),
    backbone=dict(
        contract_dilation=True,
        depth=101,
        dilations=(
            1,
            1,
            2,
            4,
        ),
        norm_cfg=dict(requires_grad=True, type='BN'),
        norm_eval=False,
        num_stages=4,
        out_indices=(
            0,
            1,
            2,
            3,
        ),
        strides=(
            1,
            2,
            1,
            1,
        ),
        style='pytorch',
        type='ResNetV1c'),
    data_preprocessor=dict(
        bgr_to_rgb=True,
        mean=[
            123.675,
            116.28,
            103.53,
        ],
        pad_val=0,
        seg_pad_val=255,
        size=(
            1080,
            1920,
        ),
        std=[
            58.395,
            57.12,
            57.375,
        ],
        type='SegDataPreProcessor'),
    decode_head=dict(
        align_corners=False,
        channels=512,
        dropout_ratio=0.1,
        in_channels=2048,
        in_index=3,
        loss_decode=dict(
            loss_weight=1.0, type='CrossEntropyLoss', use_sigmoid=False),
        norm_cfg=dict(requires_grad=True, type='BN'),
        num_classes=3,
        pool_scales=(
            1,
            2,
            3,
            6,
        ),
        type='PSPHead'),
    pretrained='open-mmlab://resnet101_v1c',
    test_cfg=dict(mode='whole'),
    train_cfg=dict(),
    type='EncoderDecoder')
norm_cfg = dict(requires_grad=True, type='BN')
num_classes = 3
optim_wrapper = dict(
    clip_grad=None,
    loss_scale='dynamic',
    optimizer=dict(lr=0.01, momentum=0.9, type='SGD', weight_decay=0.0005),
    type='AmpOptimWrapper')
optimizer = dict(lr=0.01, momentum=0.9, type='SGD', weight_decay=0.0005)
param_scheduler = [
    dict(
        begin=0,
        by_epoch=False,
        end=80000,
        eta_min=0.0001,
        power=0.9,
        type='PolyLR'),
]
resume = True
test_cfg = dict(type='TestLoop')
test_dataloader = dict(
    batch_size=1,
    dataset=dict(
        ann_file='splits/val.txt',
        data_prefix=dict(img_path='Images', seg_map_path='Labels'),
        data_root='Dataset',
        pipeline=[
            dict(type='LoadImageFromFile'),
            dict(keep_ratio=True, scale=(
                1920,
                1080,
            ), type='Resize'),
            dict(type='LoadAnnotations'),
            dict(type='PackSegInputs'),
        ],
        type='SoccerNet'),
    num_workers=2,
    persistent_workers=True,
    sampler=dict(shuffle=False, type='DefaultSampler'))
test_evaluator = dict(
    iou_metrics=[
        'mIoU',
    ], type='IoUMetric')
train_cfg = dict(max_iters=80000, type='IterBasedTrainLoop', val_interval=700)
train_dataloader = dict(
    batch_size=2,
    dataset=dict(
        ann_file='splits/train.txt',
        data_prefix=dict(img_path='Images', seg_map_path='Labels'),
        data_root='Dataset',
        pipeline=[
            dict(type='LoadImageFromFile'),
            dict(type='LoadAnnotations'),
            dict(
                keep_ratio=True,
                ratio_range=(
                    1.0,
                    2.0,
                ),
                scale=(
                    1920,
                    1080,
                ),
                type='RandomResize'),
            dict(
                cat_max_ratio=0.75,
                crop_size=(
                    1080,
                    1920,
                ),
                type='RandomCrop'),
            dict(prob=0.5, type='RandomFlip'),
            dict(type='PackSegInputs'),
        ],
        type='SoccerNet'),
    num_workers=2,
    persistent_workers=True,
    sampler=dict(shuffle=True, type='InfiniteSampler'))
train_pipeline = [
    dict(type='LoadImageFromFile'),
    dict(type='LoadAnnotations'),
    dict(
        keep_ratio=True,
        ratio_range=(
            1.0,
            2.0,
        ),
        scale=(
            1920,
            1080,
        ),
        type='RandomResize'),
    dict(cat_max_ratio=0.75, crop_size=(
        1080,
        1920,
    ), type='RandomCrop'),
    dict(prob=0.5, type='RandomFlip'),
    dict(type='PackSegInputs'),
]
tta_model = dict(type='SegTTAModel')
tta_pipeline = [
    dict(backend_args=None, type='LoadImageFromFile'),
    dict(
        transforms=[
            [
                dict(keep_ratio=True, scale_factor=0.5, type='Resize'),
                dict(keep_ratio=True, scale_factor=0.75, type='Resize'),
                dict(keep_ratio=True, scale_factor=1.0, type='Resize'),
                dict(keep_ratio=True, scale_factor=1.25, type='Resize'),
                dict(keep_ratio=True, scale_factor=1.5, type='Resize'),
                dict(keep_ratio=True, scale_factor=1.75, type='Resize'),
            ],
            [
                dict(direction='horizontal', prob=0.0, type='RandomFlip'),
                dict(direction='horizontal', prob=1.0, type='RandomFlip'),
            ],
            [
                dict(type='LoadAnnotations'),
            ],
            [
                dict(type='PackSegInputs'),
            ],
        ],
        type='TestTimeAug'),
]
val_cfg = dict(type='ValLoop')
val_dataloader = dict(
    batch_size=1,
    dataset=dict(
        ann_file='splits/val.txt',
        data_prefix=dict(img_path='Images', seg_map_path='Labels'),
        data_root='Dataset',
        pipeline=[
            dict(type='LoadImageFromFile'),
            dict(keep_ratio=True, scale=(
                1920,
                1080,
            ), type='Resize'),
            dict(type='LoadAnnotations'),
            dict(type='PackSegInputs'),
        ],
        type='SoccerNet'),
    num_workers=2,
    persistent_workers=True,
    sampler=dict(shuffle=False, type='DefaultSampler'))
val_evaluator = dict(
    iou_metrics=[
        'mIoU',
    ], type='IoUMetric')
val_interval = 700
val_pipeline = [
    dict(type='LoadImageFromFile'),
    dict(keep_ratio=True, scale=(
        1920,
        1080,
    ), type='Resize'),
    dict(type='LoadAnnotations'),
    dict(type='PackSegInputs'),
]
vis_backends = [
    dict(type='LocalVisBackend'),
]
visualizer = dict(
    name='visualizer',
    type='SegLocalVisualizer',
    vis_backends=[
        dict(type='LocalVisBackend'),
    ])
work_dir = 'work_dir/amp_pspnet_r101-d8_1xb2-80k_soccernetv2-1080x1920.py'

2024/01/03 02:26:07 - mmengine - INFO - Hooks will be executed in the following order:
before_run:
(VERY_HIGH   ) RuntimeInfoHook                    
(BELOW_NORMAL) LoggerHook                         
 -------------------- 
before_train:
(VERY_HIGH   ) RuntimeInfoHook                    
(NORMAL      ) IterTimerHook                      
(VERY_LOW    ) CheckpointHook                     
 -------------------- 
before_train_epoch:
(VERY_HIGH   ) RuntimeInfoHook                    
(NORMAL      ) IterTimerHook                      
(NORMAL      ) DistSamplerSeedHook                
 -------------------- 
before_train_iter:
(VERY_HIGH   ) RuntimeInfoHook                    
(NORMAL      ) IterTimerHook                      
 -------------------- 
after_train_iter:
(VERY_HIGH   ) RuntimeInfoHook                    
(NORMAL      ) IterTimerHook                      
(NORMAL      ) SegVisualizationHook               
(BELOW_NORMAL) LoggerHook                         
(LOW         ) ParamSchedulerHook                 
(VERY_LOW    ) CheckpointHook                     
 -------------------- 
after_train_epoch:
(NORMAL      ) IterTimerHook                      
(LOW         ) ParamSchedulerHook                 
(VERY_LOW    ) CheckpointHook                     
 -------------------- 
before_val:
(VERY_HIGH   ) RuntimeInfoHook                    
 -------------------- 
before_val_epoch:
(NORMAL      ) IterTimerHook                      
 -------------------- 
before_val_iter:
(NORMAL      ) IterTimerHook                      
 -------------------- 
after_val_iter:
(NORMAL      ) IterTimerHook                      
(NORMAL      ) SegVisualizationHook               
(BELOW_NORMAL) LoggerHook                         
 -------------------- 
after_val_epoch:
(VERY_HIGH   ) RuntimeInfoHook                    
(NORMAL      ) IterTimerHook                      
(BELOW_NORMAL) LoggerHook                         
(LOW         ) ParamSchedulerHook                 
(VERY_LOW    ) CheckpointHook                     
 -------------------- 
after_val:
(VERY_HIGH   ) RuntimeInfoHook                    
 -------------------- 
after_train:
(VERY_HIGH   ) RuntimeInfoHook                    
(VERY_LOW    ) CheckpointHook                     
 -------------------- 
before_test:
(VERY_HIGH   ) RuntimeInfoHook                    
 -------------------- 
before_test_epoch:
(NORMAL      ) IterTimerHook                      
 -------------------- 
before_test_iter:
(NORMAL      ) IterTimerHook                      
 -------------------- 
after_test_iter:
(NORMAL      ) IterTimerHook                      
(NORMAL      ) SegVisualizationHook               
(BELOW_NORMAL) LoggerHook                         
 -------------------- 
after_test_epoch:
(VERY_HIGH   ) RuntimeInfoHook                    
(NORMAL      ) IterTimerHook                      
(BELOW_NORMAL) LoggerHook                         
 -------------------- 
after_test:
(VERY_HIGH   ) RuntimeInfoHook                    
 -------------------- 
after_run:
(BELOW_NORMAL) LoggerHook                         
 -------------------- 
2024/01/03 02:26:09 - mmengine - WARNING - The prefix is not set in metric class IoUMetric.
2024/01/03 02:26:09 - mmengine - INFO - load model from: open-mmlab://resnet101_v1c
2024/01/03 02:26:09 - mmengine - INFO - Loads checkpoint by openmmlab backend from path: open-mmlab://resnet101_v1c
2024/01/03 02:26:11 - mmengine - WARNING - The model and loaded state dict do not match exactly

unexpected key in source state_dict: fc.weight, fc.bias

Name of parameter - Initialization information

backbone.stem.0.weight - torch.Size([32, 3, 3, 3]): 
PretrainedInit: load from open-mmlab://resnet101_v1c 

backbone.stem.1.weight - torch.Size([32]): 
PretrainedInit: load from open-mmlab://resnet101_v1c 

backbone.stem.1.bias - torch.Size([32]): 
PretrainedInit: load from open-mmlab://resnet101_v1c 

backbone.stem.3.weight - torch.Size([32, 32, 3, 3]): 
PretrainedInit: load from open-mmlab://resnet101_v1c 

backbone.stem.4.weight - torch.Size([32]): 
PretrainedInit: load from open-mmlab://resnet101_v1c 

backbone.stem.4.bias - torch.Size([32]): 
PretrainedInit: load from open-mmlab://resnet101_v1c 

backbone.stem.6.weight - torch.Size([64, 32, 3, 3]): 
PretrainedInit: load from open-mmlab://resnet101_v1c 

backbone.stem.7.weight - torch.Size([64]): 
PretrainedInit: load from open-mmlab://resnet101_v1c 

backbone.stem.7.bias - torch.Size([64]): 
PretrainedInit: load from open-mmlab://resnet101_v1c 

backbone.layer1.0.conv1.weight - torch.Size([64, 64, 1, 1]): 
PretrainedInit: load from open-mmlab://resnet101_v1c 

backbone.layer1.0.bn1.weight - torch.Size([64]): 
PretrainedInit: load from open-mmlab://resnet101_v1c 

backbone.layer1.0.bn1.bias - torch.Size([64]): 
PretrainedInit: load from open-mmlab://resnet101_v1c 

backbone.layer1.0.conv2.weight - torch.Size([64, 64, 3, 3]): 
PretrainedInit: load from open-mmlab://resnet101_v1c 

backbone.layer1.0.bn2.weight - torch.Size([64]): 
PretrainedInit: load from open-mmlab://resnet101_v1c 

backbone.layer1.0.bn2.bias - torch.Size([64]): 
PretrainedInit: load from open-mmlab://resnet101_v1c 

backbone.layer1.0.conv3.weight - torch.Size([256, 64, 1, 1]): 
PretrainedInit: load from open-mmlab://resnet101_v1c 

backbone.layer1.0.bn3.weight - torch.Size([256]): 
PretrainedInit: load from open-mmlab://resnet101_v1c 

backbone.layer1.0.bn3.bias - torch.Size([256]): 
PretrainedInit: load from open-mmlab://resnet101_v1c 

backbone.layer1.0.downsample.0.weight - torch.Size([256, 64, 1, 1]): 
PretrainedInit: load from open-mmlab://resnet101_v1c 

backbone.layer1.0.downsample.1.weight - torch.Size([256]): 
PretrainedInit: load from open-mmlab://resnet101_v1c 

backbone.layer1.0.downsample.1.bias - torch.Size([256]): 
PretrainedInit: load from open-mmlab://resnet101_v1c 

backbone.layer1.1.conv1.weight - torch.Size([64, 256, 1, 1]): 
PretrainedInit: load from open-mmlab://resnet101_v1c 

backbone.layer1.1.bn1.weight - torch.Size([64]): 
PretrainedInit: load from open-mmlab://resnet101_v1c 

backbone.layer1.1.bn1.bias - torch.Size([64]): 
PretrainedInit: load from open-mmlab://resnet101_v1c 

backbone.layer1.1.conv2.weight - torch.Size([64, 64, 3, 3]): 
PretrainedInit: load from open-mmlab://resnet101_v1c 

backbone.layer1.1.bn2.weight - torch.Size([64]): 
PretrainedInit: load from open-mmlab://resnet101_v1c 

backbone.layer1.1.bn2.bias - torch.Size([64]): 
PretrainedInit: load from open-mmlab://resnet101_v1c 

backbone.layer1.1.conv3.weight - torch.Size([256, 64, 1, 1]): 
PretrainedInit: load from open-mmlab://resnet101_v1c 

backbone.layer1.1.bn3.weight - torch.Size([256]): 
PretrainedInit: load from open-mmlab://resnet101_v1c 

backbone.layer1.1.bn3.bias - torch.Size([256]): 
PretrainedInit: load from open-mmlab://resnet101_v1c 

backbone.layer1.2.conv1.weight - torch.Size([64, 256, 1, 1]): 
PretrainedInit: load from open-mmlab://resnet101_v1c 

backbone.layer1.2.bn1.weight - torch.Size([64]): 
PretrainedInit: load from open-mmlab://resnet101_v1c 

backbone.layer1.2.bn1.bias - torch.Size([64]): 
PretrainedInit: load from open-mmlab://resnet101_v1c 

backbone.layer1.2.conv2.weight - torch.Size([64, 64, 3, 3]): 
PretrainedInit: load from open-mmlab://resnet101_v1c 

backbone.layer1.2.bn2.weight - torch.Size([64]): 
PretrainedInit: load from open-mmlab://resnet101_v1c 

backbone.layer1.2.bn2.bias - torch.Size([64]): 
PretrainedInit: load from open-mmlab://resnet101_v1c 

backbone.layer1.2.conv3.weight - torch.Size([256, 64, 1, 1]): 
PretrainedInit: load from open-mmlab://resnet101_v1c 

backbone.layer1.2.bn3.weight - torch.Size([256]): 
PretrainedInit: load from open-mmlab://resnet101_v1c 

backbone.layer1.2.bn3.bias - torch.Size([256]): 
PretrainedInit: load from open-mmlab://resnet101_v1c 

backbone.layer2.0.conv1.weight - torch.Size([128, 256, 1, 1]): 
PretrainedInit: load from open-mmlab://resnet101_v1c 

backbone.layer2.0.bn1.weight - torch.Size([128]): 
PretrainedInit: load from open-mmlab://resnet101_v1c 

backbone.layer2.0.bn1.bias - torch.Size([128]): 
PretrainedInit: load from open-mmlab://resnet101_v1c 

backbone.layer2.0.conv2.weight - torch.Size([128, 128, 3, 3]): 
PretrainedInit: load from open-mmlab://resnet101_v1c 

backbone.layer2.0.bn2.weight - torch.Size([128]): 
PretrainedInit: load from open-mmlab://resnet101_v1c 

backbone.layer2.0.bn2.bias - torch.Size([128]): 
PretrainedInit: load from open-mmlab://resnet101_v1c 

backbone.layer2.0.conv3.weight - torch.Size([512, 128, 1, 1]): 
PretrainedInit: load from open-mmlab://resnet101_v1c 

backbone.layer2.0.bn3.weight - torch.Size([512]): 
PretrainedInit: load from open-mmlab://resnet101_v1c 

backbone.layer2.0.bn3.bias - torch.Size([512]): 
PretrainedInit: load from open-mmlab://resnet101_v1c 

backbone.layer2.0.downsample.0.weight - torch.Size([512, 256, 1, 1]): 
PretrainedInit: load from open-mmlab://resnet101_v1c 

backbone.layer2.0.downsample.1.weight - torch.Size([512]): 
PretrainedInit: load from open-mmlab://resnet101_v1c 

backbone.layer2.0.downsample.1.bias - torch.Size([512]): 
PretrainedInit: load from open-mmlab://resnet101_v1c 

backbone.layer2.1.conv1.weight - torch.Size([128, 512, 1, 1]): 
PretrainedInit: load from open-mmlab://resnet101_v1c 

backbone.layer2.1.bn1.weight - torch.Size([128]): 
PretrainedInit: load from open-mmlab://resnet101_v1c 

backbone.layer2.1.bn1.bias - torch.Size([128]): 
PretrainedInit: load from open-mmlab://resnet101_v1c 

backbone.layer2.1.conv2.weight - torch.Size([128, 128, 3, 3]): 
PretrainedInit: load from open-mmlab://resnet101_v1c 

backbone.layer2.1.bn2.weight - torch.Size([128]): 
PretrainedInit: load from open-mmlab://resnet101_v1c 

backbone.layer2.1.bn2.bias - torch.Size([128]): 
PretrainedInit: load from open-mmlab://resnet101_v1c 

backbone.layer2.1.conv3.weight - torch.Size([512, 128, 1, 1]): 
PretrainedInit: load from open-mmlab://resnet101_v1c 

backbone.layer2.1.bn3.weight - torch.Size([512]): 
PretrainedInit: load from open-mmlab://resnet101_v1c 

backbone.layer2.1.bn3.bias - torch.Size([512]): 
PretrainedInit: load from open-mmlab://resnet101_v1c 

backbone.layer2.2.conv1.weight - torch.Size([128, 512, 1, 1]): 
PretrainedInit: load from open-mmlab://resnet101_v1c 

backbone.layer2.2.bn1.weight - torch.Size([128]): 
PretrainedInit: load from open-mmlab://resnet101_v1c 

backbone.layer2.2.bn1.bias - torch.Size([128]): 
PretrainedInit: load from open-mmlab://resnet101_v1c 

backbone.layer2.2.conv2.weight - torch.Size([128, 128, 3, 3]): 
PretrainedInit: load from open-mmlab://resnet101_v1c 

backbone.layer2.2.bn2.weight - torch.Size([128]): 
PretrainedInit: load from open-mmlab://resnet101_v1c 

backbone.layer2.2.bn2.bias - torch.Size([128]): 
PretrainedInit: load from open-mmlab://resnet101_v1c 

backbone.layer2.2.conv3.weight - torch.Size([512, 128, 1, 1]): 
PretrainedInit: load from open-mmlab://resnet101_v1c 

backbone.layer2.2.bn3.weight - torch.Size([512]): 
PretrainedInit: load from open-mmlab://resnet101_v1c 

backbone.layer2.2.bn3.bias - torch.Size([512]): 
PretrainedInit: load from open-mmlab://resnet101_v1c 

backbone.layer2.3.conv1.weight - torch.Size([128, 512, 1, 1]): 
PretrainedInit: load from open-mmlab://resnet101_v1c 

backbone.layer2.3.bn1.weight - torch.Size([128]): 
PretrainedInit: load from open-mmlab://resnet101_v1c 

backbone.layer2.3.bn1.bias - torch.Size([128]): 
PretrainedInit: load from open-mmlab://resnet101_v1c 

backbone.layer2.3.conv2.weight - torch.Size([128, 128, 3, 3]): 
PretrainedInit: load from open-mmlab://resnet101_v1c 

backbone.layer2.3.bn2.weight - torch.Size([128]): 
PretrainedInit: load from open-mmlab://resnet101_v1c 

backbone.layer2.3.bn2.bias - torch.Size([128]): 
PretrainedInit: load from open-mmlab://resnet101_v1c 

backbone.layer2.3.conv3.weight - torch.Size([512, 128, 1, 1]): 
PretrainedInit: load from open-mmlab://resnet101_v1c 

backbone.layer2.3.bn3.weight - torch.Size([512]): 
PretrainedInit: load from open-mmlab://resnet101_v1c 

backbone.layer2.3.bn3.bias - torch.Size([512]): 
PretrainedInit: load from open-mmlab://resnet101_v1c 

backbone.layer3.0.conv1.weight - torch.Size([256, 512, 1, 1]): 
PretrainedInit: load from open-mmlab://resnet101_v1c 

backbone.layer3.0.bn1.weight - torch.Size([256]): 
PretrainedInit: load from open-mmlab://resnet101_v1c 

backbone.layer3.0.bn1.bias - torch.Size([256]): 
PretrainedInit: load from open-mmlab://resnet101_v1c 

backbone.layer3.0.conv2.weight - torch.Size([256, 256, 3, 3]): 
PretrainedInit: load from open-mmlab://resnet101_v1c 

backbone.layer3.0.bn2.weight - torch.Size([256]): 
PretrainedInit: load from open-mmlab://resnet101_v1c 

backbone.layer3.0.bn2.bias - torch.Size([256]): 
PretrainedInit: load from open-mmlab://resnet101_v1c 

backbone.layer3.0.conv3.weight - torch.Size([1024, 256, 1, 1]): 
PretrainedInit: load from open-mmlab://resnet101_v1c 

backbone.layer3.0.bn3.weight - torch.Size([1024]): 
PretrainedInit: load from open-mmlab://resnet101_v1c 

backbone.layer3.0.bn3.bias - torch.Size([1024]): 
PretrainedInit: load from open-mmlab://resnet101_v1c 

backbone.layer3.0.downsample.0.weight - torch.Size([1024, 512, 1, 1]): 
PretrainedInit: load from open-mmlab://resnet101_v1c 

backbone.layer3.0.downsample.1.weight - torch.Size([1024]): 
PretrainedInit: load from open-mmlab://resnet101_v1c 

backbone.layer3.0.downsample.1.bias - torch.Size([1024]): 
PretrainedInit: load from open-mmlab://resnet101_v1c 

backbone.layer3.1.conv1.weight - torch.Size([256, 1024, 1, 1]): 
PretrainedInit: load from open-mmlab://resnet101_v1c 

backbone.layer3.1.bn1.weight - torch.Size([256]): 
PretrainedInit: load from open-mmlab://resnet101_v1c 

backbone.layer3.1.bn1.bias - torch.Size([256]): 
PretrainedInit: load from open-mmlab://resnet101_v1c 

backbone.layer3.1.conv2.weight - torch.Size([256, 256, 3, 3]): 
PretrainedInit: load from open-mmlab://resnet101_v1c 

backbone.layer3.1.bn2.weight - torch.Size([256]): 
PretrainedInit: load from open-mmlab://resnet101_v1c 

backbone.layer3.1.bn2.bias - torch.Size([256]): 
PretrainedInit: load from open-mmlab://resnet101_v1c 

backbone.layer3.1.conv3.weight - torch.Size([1024, 256, 1, 1]): 
PretrainedInit: load from open-mmlab://resnet101_v1c 

backbone.layer3.1.bn3.weight - torch.Size([1024]): 
PretrainedInit: load from open-mmlab://resnet101_v1c 

backbone.layer3.1.bn3.bias - torch.Size([1024]): 
PretrainedInit: load from open-mmlab://resnet101_v1c 

backbone.layer3.2.conv1.weight - torch.Size([256, 1024, 1, 1]): 
PretrainedInit: load from open-mmlab://resnet101_v1c 

backbone.layer3.2.bn1.weight - torch.Size([256]): 
PretrainedInit: load from open-mmlab://resnet101_v1c 

backbone.layer3.2.bn1.bias - torch.Size([256]): 
PretrainedInit: load from open-mmlab://resnet101_v1c 

backbone.layer3.2.conv2.weight - torch.Size([256, 256, 3, 3]): 
PretrainedInit: load from open-mmlab://resnet101_v1c 

backbone.layer3.2.bn2.weight - torch.Size([256]): 
PretrainedInit: load from open-mmlab://resnet101_v1c 

backbone.layer3.2.bn2.bias - torch.Size([256]): 
PretrainedInit: load from open-mmlab://resnet101_v1c 

backbone.layer3.2.conv3.weight - torch.Size([1024, 256, 1, 1]): 
PretrainedInit: load from open-mmlab://resnet101_v1c 

backbone.layer3.2.bn3.weight - torch.Size([1024]): 
PretrainedInit: load from open-mmlab://resnet101_v1c 

backbone.layer3.2.bn3.bias - torch.Size([1024]): 
PretrainedInit: load from open-mmlab://resnet101_v1c 

backbone.layer3.3.conv1.weight - torch.Size([256, 1024, 1, 1]): 
PretrainedInit: load from open-mmlab://resnet101_v1c 

backbone.layer3.3.bn1.weight - torch.Size([256]): 
PretrainedInit: load from open-mmlab://resnet101_v1c 

backbone.layer3.3.bn1.bias - torch.Size([256]): 
PretrainedInit: load from open-mmlab://resnet101_v1c 

backbone.layer3.3.conv2.weight - torch.Size([256, 256, 3, 3]): 
PretrainedInit: load from open-mmlab://resnet101_v1c 

backbone.layer3.3.bn2.weight - torch.Size([256]): 
PretrainedInit: load from open-mmlab://resnet101_v1c 

backbone.layer3.3.bn2.bias - torch.Size([256]): 
PretrainedInit: load from open-mmlab://resnet101_v1c 

backbone.layer3.3.conv3.weight - torch.Size([1024, 256, 1, 1]): 
PretrainedInit: load from open-mmlab://resnet101_v1c 

backbone.layer3.3.bn3.weight - torch.Size([1024]): 
PretrainedInit: load from open-mmlab://resnet101_v1c 

backbone.layer3.3.bn3.bias - torch.Size([1024]): 
PretrainedInit: load from open-mmlab://resnet101_v1c 

backbone.layer3.4.conv1.weight - torch.Size([256, 1024, 1, 1]): 
PretrainedInit: load from open-mmlab://resnet101_v1c 

backbone.layer3.4.bn1.weight - torch.Size([256]): 
PretrainedInit: load from open-mmlab://resnet101_v1c 

backbone.layer3.4.bn1.bias - torch.Size([256]): 
PretrainedInit: load from open-mmlab://resnet101_v1c 

backbone.layer3.4.conv2.weight - torch.Size([256, 256, 3, 3]): 
PretrainedInit: load from open-mmlab://resnet101_v1c 

backbone.layer3.4.bn2.weight - torch.Size([256]): 
PretrainedInit: load from open-mmlab://resnet101_v1c 

backbone.layer3.4.bn2.bias - torch.Size([256]): 
PretrainedInit: load from open-mmlab://resnet101_v1c 

backbone.layer3.4.conv3.weight - torch.Size([1024, 256, 1, 1]): 
PretrainedInit: load from open-mmlab://resnet101_v1c 

backbone.layer3.4.bn3.weight - torch.Size([1024]): 
PretrainedInit: load from open-mmlab://resnet101_v1c 

backbone.layer3.4.bn3.bias - torch.Size([1024]): 
PretrainedInit: load from open-mmlab://resnet101_v1c 

backbone.layer3.5.conv1.weight - torch.Size([256, 1024, 1, 1]): 
PretrainedInit: load from open-mmlab://resnet101_v1c 

backbone.layer3.5.bn1.weight - torch.Size([256]): 
PretrainedInit: load from open-mmlab://resnet101_v1c 

backbone.layer3.5.bn1.bias - torch.Size([256]): 
PretrainedInit: load from open-mmlab://resnet101_v1c 

backbone.layer3.5.conv2.weight - torch.Size([256, 256, 3, 3]): 
PretrainedInit: load from open-mmlab://resnet101_v1c 

backbone.layer3.5.bn2.weight - torch.Size([256]): 
PretrainedInit: load from open-mmlab://resnet101_v1c 

backbone.layer3.5.bn2.bias - torch.Size([256]): 
PretrainedInit: load from open-mmlab://resnet101_v1c 

backbone.layer3.5.conv3.weight - torch.Size([1024, 256, 1, 1]): 
PretrainedInit: load from open-mmlab://resnet101_v1c 

backbone.layer3.5.bn3.weight - torch.Size([1024]): 
PretrainedInit: load from open-mmlab://resnet101_v1c 

backbone.layer3.5.bn3.bias - torch.Size([1024]): 
PretrainedInit: load from open-mmlab://resnet101_v1c 

backbone.layer3.6.conv1.weight - torch.Size([256, 1024, 1, 1]): 
PretrainedInit: load from open-mmlab://resnet101_v1c 

backbone.layer3.6.bn1.weight - torch.Size([256]): 
PretrainedInit: load from open-mmlab://resnet101_v1c 

backbone.layer3.6.bn1.bias - torch.Size([256]): 
PretrainedInit: load from open-mmlab://resnet101_v1c 

backbone.layer3.6.conv2.weight - torch.Size([256, 256, 3, 3]): 
PretrainedInit: load from open-mmlab://resnet101_v1c 

backbone.layer3.6.bn2.weight - torch.Size([256]): 
PretrainedInit: load from open-mmlab://resnet101_v1c 

backbone.layer3.6.bn2.bias - torch.Size([256]): 
PretrainedInit: load from open-mmlab://resnet101_v1c 

backbone.layer3.6.conv3.weight - torch.Size([1024, 256, 1, 1]): 
PretrainedInit: load from open-mmlab://resnet101_v1c 

backbone.layer3.6.bn3.weight - torch.Size([1024]): 
PretrainedInit: load from open-mmlab://resnet101_v1c 

backbone.layer3.6.bn3.bias - torch.Size([1024]): 
PretrainedInit: load from open-mmlab://resnet101_v1c 

backbone.layer3.7.conv1.weight - torch.Size([256, 1024, 1, 1]): 
PretrainedInit: load from open-mmlab://resnet101_v1c 

backbone.layer3.7.bn1.weight - torch.Size([256]): 
PretrainedInit: load from open-mmlab://resnet101_v1c 

backbone.layer3.7.bn1.bias - torch.Size([256]): 
PretrainedInit: load from open-mmlab://resnet101_v1c 

backbone.layer3.7.conv2.weight - torch.Size([256, 256, 3, 3]): 
PretrainedInit: load from open-mmlab://resnet101_v1c 

backbone.layer3.7.bn2.weight - torch.Size([256]): 
PretrainedInit: load from open-mmlab://resnet101_v1c 

backbone.layer3.7.bn2.bias - torch.Size([256]): 
PretrainedInit: load from open-mmlab://resnet101_v1c 

backbone.layer3.7.conv3.weight - torch.Size([1024, 256, 1, 1]): 
PretrainedInit: load from open-mmlab://resnet101_v1c 

backbone.layer3.7.bn3.weight - torch.Size([1024]): 
PretrainedInit: load from open-mmlab://resnet101_v1c 

backbone.layer3.7.bn3.bias - torch.Size([1024]): 
PretrainedInit: load from open-mmlab://resnet101_v1c 

backbone.layer3.8.conv1.weight - torch.Size([256, 1024, 1, 1]): 
PretrainedInit: load from open-mmlab://resnet101_v1c 

backbone.layer3.8.bn1.weight - torch.Size([256]): 
PretrainedInit: load from open-mmlab://resnet101_v1c 

backbone.layer3.8.bn1.bias - torch.Size([256]): 
PretrainedInit: load from open-mmlab://resnet101_v1c 

backbone.layer3.8.conv2.weight - torch.Size([256, 256, 3, 3]): 
PretrainedInit: load from open-mmlab://resnet101_v1c 

backbone.layer3.8.bn2.weight - torch.Size([256]): 
PretrainedInit: load from open-mmlab://resnet101_v1c 

backbone.layer3.8.bn2.bias - torch.Size([256]): 
PretrainedInit: load from open-mmlab://resnet101_v1c 

backbone.layer3.8.conv3.weight - torch.Size([1024, 256, 1, 1]): 
PretrainedInit: load from open-mmlab://resnet101_v1c 

backbone.layer3.8.bn3.weight - torch.Size([1024]): 
PretrainedInit: load from open-mmlab://resnet101_v1c 

backbone.layer3.8.bn3.bias - torch.Size([1024]): 
PretrainedInit: load from open-mmlab://resnet101_v1c 

backbone.layer3.9.conv1.weight - torch.Size([256, 1024, 1, 1]): 
PretrainedInit: load from open-mmlab://resnet101_v1c 

backbone.layer3.9.bn1.weight - torch.Size([256]): 
PretrainedInit: load from open-mmlab://resnet101_v1c 

backbone.layer3.9.bn1.bias - torch.Size([256]): 
PretrainedInit: load from open-mmlab://resnet101_v1c 

backbone.layer3.9.conv2.weight - torch.Size([256, 256, 3, 3]): 
PretrainedInit: load from open-mmlab://resnet101_v1c 

backbone.layer3.9.bn2.weight - torch.Size([256]): 
PretrainedInit: load from open-mmlab://resnet101_v1c 

backbone.layer3.9.bn2.bias - torch.Size([256]): 
PretrainedInit: load from open-mmlab://resnet101_v1c 

backbone.layer3.9.conv3.weight - torch.Size([1024, 256, 1, 1]): 
PretrainedInit: load from open-mmlab://resnet101_v1c 

backbone.layer3.9.bn3.weight - torch.Size([1024]): 
PretrainedInit: load from open-mmlab://resnet101_v1c 

backbone.layer3.9.bn3.bias - torch.Size([1024]): 
PretrainedInit: load from open-mmlab://resnet101_v1c 

backbone.layer3.10.conv1.weight - torch.Size([256, 1024, 1, 1]): 
PretrainedInit: load from open-mmlab://resnet101_v1c 

backbone.layer3.10.bn1.weight - torch.Size([256]): 
PretrainedInit: load from open-mmlab://resnet101_v1c 

backbone.layer3.10.bn1.bias - torch.Size([256]): 
PretrainedInit: load from open-mmlab://resnet101_v1c 

backbone.layer3.10.conv2.weight - torch.Size([256, 256, 3, 3]): 
PretrainedInit: load from open-mmlab://resnet101_v1c 

backbone.layer3.10.bn2.weight - torch.Size([256]): 
PretrainedInit: load from open-mmlab://resnet101_v1c 

backbone.layer3.10.bn2.bias - torch.Size([256]): 
PretrainedInit: load from open-mmlab://resnet101_v1c 

backbone.layer3.10.conv3.weight - torch.Size([1024, 256, 1, 1]): 
PretrainedInit: load from open-mmlab://resnet101_v1c 

backbone.layer3.10.bn3.weight - torch.Size([1024]): 
PretrainedInit: load from open-mmlab://resnet101_v1c 

backbone.layer3.10.bn3.bias - torch.Size([1024]): 
PretrainedInit: load from open-mmlab://resnet101_v1c 

backbone.layer3.11.conv1.weight - torch.Size([256, 1024, 1, 1]): 
PretrainedInit: load from open-mmlab://resnet101_v1c 

backbone.layer3.11.bn1.weight - torch.Size([256]): 
PretrainedInit: load from open-mmlab://resnet101_v1c 

backbone.layer3.11.bn1.bias - torch.Size([256]): 
PretrainedInit: load from open-mmlab://resnet101_v1c 

backbone.layer3.11.conv2.weight - torch.Size([256, 256, 3, 3]): 
PretrainedInit: load from open-mmlab://resnet101_v1c 

backbone.layer3.11.bn2.weight - torch.Size([256]): 
PretrainedInit: load from open-mmlab://resnet101_v1c 

backbone.layer3.11.bn2.bias - torch.Size([256]): 
PretrainedInit: load from open-mmlab://resnet101_v1c 

backbone.layer3.11.conv3.weight - torch.Size([1024, 256, 1, 1]): 
PretrainedInit: load from open-mmlab://resnet101_v1c 

backbone.layer3.11.bn3.weight - torch.Size([1024]): 
PretrainedInit: load from open-mmlab://resnet101_v1c 

backbone.layer3.11.bn3.bias - torch.Size([1024]): 
PretrainedInit: load from open-mmlab://resnet101_v1c 

backbone.layer3.12.conv1.weight - torch.Size([256, 1024, 1, 1]): 
PretrainedInit: load from open-mmlab://resnet101_v1c 

backbone.layer3.12.bn1.weight - torch.Size([256]): 
PretrainedInit: load from open-mmlab://resnet101_v1c 

backbone.layer3.12.bn1.bias - torch.Size([256]): 
PretrainedInit: load from open-mmlab://resnet101_v1c 

backbone.layer3.12.conv2.weight - torch.Size([256, 256, 3, 3]): 
PretrainedInit: load from open-mmlab://resnet101_v1c 

backbone.layer3.12.bn2.weight - torch.Size([256]): 
PretrainedInit: load from open-mmlab://resnet101_v1c 

backbone.layer3.12.bn2.bias - torch.Size([256]): 
PretrainedInit: load from open-mmlab://resnet101_v1c 

backbone.layer3.12.conv3.weight - torch.Size([1024, 256, 1, 1]): 
PretrainedInit: load from open-mmlab://resnet101_v1c 

backbone.layer3.12.bn3.weight - torch.Size([1024]): 
PretrainedInit: load from open-mmlab://resnet101_v1c 

backbone.layer3.12.bn3.bias - torch.Size([1024]): 
PretrainedInit: load from open-mmlab://resnet101_v1c 

backbone.layer3.13.conv1.weight - torch.Size([256, 1024, 1, 1]): 
PretrainedInit: load from open-mmlab://resnet101_v1c 

backbone.layer3.13.bn1.weight - torch.Size([256]): 
PretrainedInit: load from open-mmlab://resnet101_v1c 

backbone.layer3.13.bn1.bias - torch.Size([256]): 
PretrainedInit: load from open-mmlab://resnet101_v1c 

backbone.layer3.13.conv2.weight - torch.Size([256, 256, 3, 3]): 
PretrainedInit: load from open-mmlab://resnet101_v1c 

backbone.layer3.13.bn2.weight - torch.Size([256]): 
PretrainedInit: load from open-mmlab://resnet101_v1c 

backbone.layer3.13.bn2.bias - torch.Size([256]): 
PretrainedInit: load from open-mmlab://resnet101_v1c 

backbone.layer3.13.conv3.weight - torch.Size([1024, 256, 1, 1]): 
PretrainedInit: load from open-mmlab://resnet101_v1c 

backbone.layer3.13.bn3.weight - torch.Size([1024]): 
PretrainedInit: load from open-mmlab://resnet101_v1c 

backbone.layer3.13.bn3.bias - torch.Size([1024]): 
PretrainedInit: load from open-mmlab://resnet101_v1c 

backbone.layer3.14.conv1.weight - torch.Size([256, 1024, 1, 1]): 
PretrainedInit: load from open-mmlab://resnet101_v1c 

backbone.layer3.14.bn1.weight - torch.Size([256]): 
PretrainedInit: load from open-mmlab://resnet101_v1c 

backbone.layer3.14.bn1.bias - torch.Size([256]): 
PretrainedInit: load from open-mmlab://resnet101_v1c 

backbone.layer3.14.conv2.weight - torch.Size([256, 256, 3, 3]): 
PretrainedInit: load from open-mmlab://resnet101_v1c 

backbone.layer3.14.bn2.weight - torch.Size([256]): 
PretrainedInit: load from open-mmlab://resnet101_v1c 

backbone.layer3.14.bn2.bias - torch.Size([256]): 
PretrainedInit: load from open-mmlab://resnet101_v1c 

backbone.layer3.14.conv3.weight - torch.Size([1024, 256, 1, 1]): 
PretrainedInit: load from open-mmlab://resnet101_v1c 

backbone.layer3.14.bn3.weight - torch.Size([1024]): 
PretrainedInit: load from open-mmlab://resnet101_v1c 

backbone.layer3.14.bn3.bias - torch.Size([1024]): 
PretrainedInit: load from open-mmlab://resnet101_v1c 

backbone.layer3.15.conv1.weight - torch.Size([256, 1024, 1, 1]): 
PretrainedInit: load from open-mmlab://resnet101_v1c 

backbone.layer3.15.bn1.weight - torch.Size([256]): 
PretrainedInit: load from open-mmlab://resnet101_v1c 

backbone.layer3.15.bn1.bias - torch.Size([256]): 
PretrainedInit: load from open-mmlab://resnet101_v1c 

backbone.layer3.15.conv2.weight - torch.Size([256, 256, 3, 3]): 
PretrainedInit: load from open-mmlab://resnet101_v1c 

backbone.layer3.15.bn2.weight - torch.Size([256]): 
PretrainedInit: load from open-mmlab://resnet101_v1c 

backbone.layer3.15.bn2.bias - torch.Size([256]): 
PretrainedInit: load from open-mmlab://resnet101_v1c 

backbone.layer3.15.conv3.weight - torch.Size([1024, 256, 1, 1]): 
PretrainedInit: load from open-mmlab://resnet101_v1c 

backbone.layer3.15.bn3.weight - torch.Size([1024]): 
PretrainedInit: load from open-mmlab://resnet101_v1c 

backbone.layer3.15.bn3.bias - torch.Size([1024]): 
PretrainedInit: load from open-mmlab://resnet101_v1c 

backbone.layer3.16.conv1.weight - torch.Size([256, 1024, 1, 1]): 
PretrainedInit: load from open-mmlab://resnet101_v1c 

backbone.layer3.16.bn1.weight - torch.Size([256]): 
PretrainedInit: load from open-mmlab://resnet101_v1c 

backbone.layer3.16.bn1.bias - torch.Size([256]): 
PretrainedInit: load from open-mmlab://resnet101_v1c 

backbone.layer3.16.conv2.weight - torch.Size([256, 256, 3, 3]): 
PretrainedInit: load from open-mmlab://resnet101_v1c 

backbone.layer3.16.bn2.weight - torch.Size([256]): 
PretrainedInit: load from open-mmlab://resnet101_v1c 

backbone.layer3.16.bn2.bias - torch.Size([256]): 
PretrainedInit: load from open-mmlab://resnet101_v1c 

backbone.layer3.16.conv3.weight - torch.Size([1024, 256, 1, 1]): 
PretrainedInit: load from open-mmlab://resnet101_v1c 

backbone.layer3.16.bn3.weight - torch.Size([1024]): 
PretrainedInit: load from open-mmlab://resnet101_v1c 

backbone.layer3.16.bn3.bias - torch.Size([1024]): 
PretrainedInit: load from open-mmlab://resnet101_v1c 

backbone.layer3.17.conv1.weight - torch.Size([256, 1024, 1, 1]): 
PretrainedInit: load from open-mmlab://resnet101_v1c 

backbone.layer3.17.bn1.weight - torch.Size([256]): 
PretrainedInit: load from open-mmlab://resnet101_v1c 

backbone.layer3.17.bn1.bias - torch.Size([256]): 
PretrainedInit: load from open-mmlab://resnet101_v1c 

backbone.layer3.17.conv2.weight - torch.Size([256, 256, 3, 3]): 
PretrainedInit: load from open-mmlab://resnet101_v1c 

backbone.layer3.17.bn2.weight - torch.Size([256]): 
PretrainedInit: load from open-mmlab://resnet101_v1c 

backbone.layer3.17.bn2.bias - torch.Size([256]): 
PretrainedInit: load from open-mmlab://resnet101_v1c 

backbone.layer3.17.conv3.weight - torch.Size([1024, 256, 1, 1]): 
PretrainedInit: load from open-mmlab://resnet101_v1c 

backbone.layer3.17.bn3.weight - torch.Size([1024]): 
PretrainedInit: load from open-mmlab://resnet101_v1c 

backbone.layer3.17.bn3.bias - torch.Size([1024]): 
PretrainedInit: load from open-mmlab://resnet101_v1c 

backbone.layer3.18.conv1.weight - torch.Size([256, 1024, 1, 1]): 
PretrainedInit: load from open-mmlab://resnet101_v1c 

backbone.layer3.18.bn1.weight - torch.Size([256]): 
PretrainedInit: load from open-mmlab://resnet101_v1c 

backbone.layer3.18.bn1.bias - torch.Size([256]): 
PretrainedInit: load from open-mmlab://resnet101_v1c 

backbone.layer3.18.conv2.weight - torch.Size([256, 256, 3, 3]): 
PretrainedInit: load from open-mmlab://resnet101_v1c 

backbone.layer3.18.bn2.weight - torch.Size([256]): 
PretrainedInit: load from open-mmlab://resnet101_v1c 

backbone.layer3.18.bn2.bias - torch.Size([256]): 
PretrainedInit: load from open-mmlab://resnet101_v1c 

backbone.layer3.18.conv3.weight - torch.Size([1024, 256, 1, 1]): 
PretrainedInit: load from open-mmlab://resnet101_v1c 

backbone.layer3.18.bn3.weight - torch.Size([1024]): 
PretrainedInit: load from open-mmlab://resnet101_v1c 

backbone.layer3.18.bn3.bias - torch.Size([1024]): 
PretrainedInit: load from open-mmlab://resnet101_v1c 

backbone.layer3.19.conv1.weight - torch.Size([256, 1024, 1, 1]): 
PretrainedInit: load from open-mmlab://resnet101_v1c 

backbone.layer3.19.bn1.weight - torch.Size([256]): 
PretrainedInit: load from open-mmlab://resnet101_v1c 

backbone.layer3.19.bn1.bias - torch.Size([256]): 
PretrainedInit: load from open-mmlab://resnet101_v1c 

backbone.layer3.19.conv2.weight - torch.Size([256, 256, 3, 3]): 
PretrainedInit: load from open-mmlab://resnet101_v1c 

backbone.layer3.19.bn2.weight - torch.Size([256]): 
PretrainedInit: load from open-mmlab://resnet101_v1c 

backbone.layer3.19.bn2.bias - torch.Size([256]): 
PretrainedInit: load from open-mmlab://resnet101_v1c 

backbone.layer3.19.conv3.weight - torch.Size([1024, 256, 1, 1]): 
PretrainedInit: load from open-mmlab://resnet101_v1c 

backbone.layer3.19.bn3.weight - torch.Size([1024]): 
PretrainedInit: load from open-mmlab://resnet101_v1c 

backbone.layer3.19.bn3.bias - torch.Size([1024]): 
PretrainedInit: load from open-mmlab://resnet101_v1c 

backbone.layer3.20.conv1.weight - torch.Size([256, 1024, 1, 1]): 
PretrainedInit: load from open-mmlab://resnet101_v1c 

backbone.layer3.20.bn1.weight - torch.Size([256]): 
PretrainedInit: load from open-mmlab://resnet101_v1c 

backbone.layer3.20.bn1.bias - torch.Size([256]): 
PretrainedInit: load from open-mmlab://resnet101_v1c 

backbone.layer3.20.conv2.weight - torch.Size([256, 256, 3, 3]): 
PretrainedInit: load from open-mmlab://resnet101_v1c 

backbone.layer3.20.bn2.weight - torch.Size([256]): 
PretrainedInit: load from open-mmlab://resnet101_v1c 

backbone.layer3.20.bn2.bias - torch.Size([256]): 
PretrainedInit: load from open-mmlab://resnet101_v1c 

backbone.layer3.20.conv3.weight - torch.Size([1024, 256, 1, 1]): 
PretrainedInit: load from open-mmlab://resnet101_v1c 

backbone.layer3.20.bn3.weight - torch.Size([1024]): 
PretrainedInit: load from open-mmlab://resnet101_v1c 

backbone.layer3.20.bn3.bias - torch.Size([1024]): 
PretrainedInit: load from open-mmlab://resnet101_v1c 

backbone.layer3.21.conv1.weight - torch.Size([256, 1024, 1, 1]): 
PretrainedInit: load from open-mmlab://resnet101_v1c 

backbone.layer3.21.bn1.weight - torch.Size([256]): 
PretrainedInit: load from open-mmlab://resnet101_v1c 

backbone.layer3.21.bn1.bias - torch.Size([256]): 
PretrainedInit: load from open-mmlab://resnet101_v1c 

backbone.layer3.21.conv2.weight - torch.Size([256, 256, 3, 3]): 
PretrainedInit: load from open-mmlab://resnet101_v1c 

backbone.layer3.21.bn2.weight - torch.Size([256]): 
PretrainedInit: load from open-mmlab://resnet101_v1c 

backbone.layer3.21.bn2.bias - torch.Size([256]): 
PretrainedInit: load from open-mmlab://resnet101_v1c 

backbone.layer3.21.conv3.weight - torch.Size([1024, 256, 1, 1]): 
PretrainedInit: load from open-mmlab://resnet101_v1c 

backbone.layer3.21.bn3.weight - torch.Size([1024]): 
PretrainedInit: load from open-mmlab://resnet101_v1c 

backbone.layer3.21.bn3.bias - torch.Size([1024]): 
PretrainedInit: load from open-mmlab://resnet101_v1c 

backbone.layer3.22.conv1.weight - torch.Size([256, 1024, 1, 1]): 
PretrainedInit: load from open-mmlab://resnet101_v1c 

backbone.layer3.22.bn1.weight - torch.Size([256]): 
PretrainedInit: load from open-mmlab://resnet101_v1c 

backbone.layer3.22.bn1.bias - torch.Size([256]): 
PretrainedInit: load from open-mmlab://resnet101_v1c 

backbone.layer3.22.conv2.weight - torch.Size([256, 256, 3, 3]): 
PretrainedInit: load from open-mmlab://resnet101_v1c 

backbone.layer3.22.bn2.weight - torch.Size([256]): 
PretrainedInit: load from open-mmlab://resnet101_v1c 

backbone.layer3.22.bn2.bias - torch.Size([256]): 
PretrainedInit: load from open-mmlab://resnet101_v1c 

backbone.layer3.22.conv3.weight - torch.Size([1024, 256, 1, 1]): 
PretrainedInit: load from open-mmlab://resnet101_v1c 

backbone.layer3.22.bn3.weight - torch.Size([1024]): 
PretrainedInit: load from open-mmlab://resnet101_v1c 

backbone.layer3.22.bn3.bias - torch.Size([1024]): 
PretrainedInit: load from open-mmlab://resnet101_v1c 

backbone.layer4.0.conv1.weight - torch.Size([512, 1024, 1, 1]): 
PretrainedInit: load from open-mmlab://resnet101_v1c 

backbone.layer4.0.bn1.weight - torch.Size([512]): 
PretrainedInit: load from open-mmlab://resnet101_v1c 

backbone.layer4.0.bn1.bias - torch.Size([512]): 
PretrainedInit: load from open-mmlab://resnet101_v1c 

backbone.layer4.0.conv2.weight - torch.Size([512, 512, 3, 3]): 
PretrainedInit: load from open-mmlab://resnet101_v1c 

backbone.layer4.0.bn2.weight - torch.Size([512]): 
PretrainedInit: load from open-mmlab://resnet101_v1c 

backbone.layer4.0.bn2.bias - torch.Size([512]): 
PretrainedInit: load from open-mmlab://resnet101_v1c 

backbone.layer4.0.conv3.weight - torch.Size([2048, 512, 1, 1]): 
PretrainedInit: load from open-mmlab://resnet101_v1c 

backbone.layer4.0.bn3.weight - torch.Size([2048]): 
PretrainedInit: load from open-mmlab://resnet101_v1c 

backbone.layer4.0.bn3.bias - torch.Size([2048]): 
PretrainedInit: load from open-mmlab://resnet101_v1c 

backbone.layer4.0.downsample.0.weight - torch.Size([2048, 1024, 1, 1]): 
PretrainedInit: load from open-mmlab://resnet101_v1c 

backbone.layer4.0.downsample.1.weight - torch.Size([2048]): 
PretrainedInit: load from open-mmlab://resnet101_v1c 

backbone.layer4.0.downsample.1.bias - torch.Size([2048]): 
PretrainedInit: load from open-mmlab://resnet101_v1c 

backbone.layer4.1.conv1.weight - torch.Size([512, 2048, 1, 1]): 
PretrainedInit: load from open-mmlab://resnet101_v1c 

backbone.layer4.1.bn1.weight - torch.Size([512]): 
PretrainedInit: load from open-mmlab://resnet101_v1c 

backbone.layer4.1.bn1.bias - torch.Size([512]): 
PretrainedInit: load from open-mmlab://resnet101_v1c 

backbone.layer4.1.conv2.weight - torch.Size([512, 512, 3, 3]): 
PretrainedInit: load from open-mmlab://resnet101_v1c 

backbone.layer4.1.bn2.weight - torch.Size([512]): 
PretrainedInit: load from open-mmlab://resnet101_v1c 

backbone.layer4.1.bn2.bias - torch.Size([512]): 
PretrainedInit: load from open-mmlab://resnet101_v1c 

backbone.layer4.1.conv3.weight - torch.Size([2048, 512, 1, 1]): 
PretrainedInit: load from open-mmlab://resnet101_v1c 

backbone.layer4.1.bn3.weight - torch.Size([2048]): 
PretrainedInit: load from open-mmlab://resnet101_v1c 

backbone.layer4.1.bn3.bias - torch.Size([2048]): 
PretrainedInit: load from open-mmlab://resnet101_v1c 

backbone.layer4.2.conv1.weight - torch.Size([512, 2048, 1, 1]): 
PretrainedInit: load from open-mmlab://resnet101_v1c 

backbone.layer4.2.bn1.weight - torch.Size([512]): 
PretrainedInit: load from open-mmlab://resnet101_v1c 

backbone.layer4.2.bn1.bias - torch.Size([512]): 
PretrainedInit: load from open-mmlab://resnet101_v1c 

backbone.layer4.2.conv2.weight - torch.Size([512, 512, 3, 3]): 
PretrainedInit: load from open-mmlab://resnet101_v1c 

backbone.layer4.2.bn2.weight - torch.Size([512]): 
PretrainedInit: load from open-mmlab://resnet101_v1c 

backbone.layer4.2.bn2.bias - torch.Size([512]): 
PretrainedInit: load from open-mmlab://resnet101_v1c 

backbone.layer4.2.conv3.weight - torch.Size([2048, 512, 1, 1]): 
PretrainedInit: load from open-mmlab://resnet101_v1c 

backbone.layer4.2.bn3.weight - torch.Size([2048]): 
PretrainedInit: load from open-mmlab://resnet101_v1c 

backbone.layer4.2.bn3.bias - torch.Size([2048]): 
PretrainedInit: load from open-mmlab://resnet101_v1c 

decode_head.conv_seg.weight - torch.Size([3, 512, 1, 1]): 
NormalInit: mean=0, std=0.01, bias=0 

decode_head.conv_seg.bias - torch.Size([3]): 
NormalInit: mean=0, std=0.01, bias=0 

decode_head.psp_modules.0.1.conv.weight - torch.Size([512, 2048, 1, 1]): 
The value is the same before and after calling `init_weights` of EncoderDecoder  

decode_head.psp_modules.0.1.bn.weight - torch.Size([512]): 
The value is the same before and after calling `init_weights` of EncoderDecoder  

decode_head.psp_modules.0.1.bn.bias - torch.Size([512]): 
The value is the same before and after calling `init_weights` of EncoderDecoder  

decode_head.psp_modules.1.1.conv.weight - torch.Size([512, 2048, 1, 1]): 
The value is the same before and after calling `init_weights` of EncoderDecoder  

decode_head.psp_modules.1.1.bn.weight - torch.Size([512]): 
The value is the same before and after calling `init_weights` of EncoderDecoder  

decode_head.psp_modules.1.1.bn.bias - torch.Size([512]): 
The value is the same before and after calling `init_weights` of EncoderDecoder  

decode_head.psp_modules.2.1.conv.weight - torch.Size([512, 2048, 1, 1]): 
The value is the same before and after calling `init_weights` of EncoderDecoder  

decode_head.psp_modules.2.1.bn.weight - torch.Size([512]): 
The value is the same before and after calling `init_weights` of EncoderDecoder  

decode_head.psp_modules.2.1.bn.bias - torch.Size([512]): 
The value is the same before and after calling `init_weights` of EncoderDecoder  

decode_head.psp_modules.3.1.conv.weight - torch.Size([512, 2048, 1, 1]): 
The value is the same before and after calling `init_weights` of EncoderDecoder  

decode_head.psp_modules.3.1.bn.weight - torch.Size([512]): 
The value is the same before and after calling `init_weights` of EncoderDecoder  

decode_head.psp_modules.3.1.bn.bias - torch.Size([512]): 
The value is the same before and after calling `init_weights` of EncoderDecoder  

decode_head.bottleneck.conv.weight - torch.Size([512, 4096, 3, 3]): 
Initialized by user-defined `init_weights` in ConvModule  

decode_head.bottleneck.bn.weight - torch.Size([512]): 
The value is the same before and after calling `init_weights` of EncoderDecoder  

decode_head.bottleneck.bn.bias - torch.Size([512]): 
The value is the same before and after calling `init_weights` of EncoderDecoder  

auxiliary_head.conv_seg.weight - torch.Size([3, 256, 1, 1]): 
NormalInit: mean=0, std=0.01, bias=0 

auxiliary_head.conv_seg.bias - torch.Size([3]): 
NormalInit: mean=0, std=0.01, bias=0 

auxiliary_head.convs.0.conv.weight - torch.Size([256, 1024, 3, 3]): 
The value is the same before and after calling `init_weights` of EncoderDecoder  

auxiliary_head.convs.0.bn.weight - torch.Size([256]): 
The value is the same before and after calling `init_weights` of EncoderDecoder  

auxiliary_head.convs.0.bn.bias - torch.Size([256]): 
The value is the same before and after calling `init_weights` of EncoderDecoder  
2024/01/03 02:26:11 - mmengine - INFO - Auto resumed from the latest checkpoint /scratch/users/vgaspar/work_dir/amp_pspnet_r101-d8_1xb2-80k_soccernetv2-1080x1920.py/iter_24000.pth.
2024/01/03 02:26:12 - mmengine - INFO - Load checkpoint from /scratch/users/vgaspar/work_dir/amp_pspnet_r101-d8_1xb2-80k_soccernetv2-1080x1920.py/iter_24000.pth
2024/01/03 02:26:12 - mmengine - INFO - resumed epoch: 0, iter: 24000
2024/01/03 02:26:12 - mmengine - WARNING - "FileClient" will be deprecated in future. Please use io functions in https://mmengine.readthedocs.io/en/latest/api/fileio.html#file-io
2024/01/03 02:26:12 - mmengine - WARNING - "HardDiskBackend" is the alias of "LocalBackend" and the former will be deprecated in future.
2024/01/03 02:26:12 - mmengine - INFO - Checkpoints will be saved to /scratch/users/vgaspar/work_dir/amp_pspnet_r101-d8_1xb2-80k_soccernetv2-1080x1920.py.
2024/01/03 02:27:36 - mmengine - INFO - Iter(train) [24050/80000]  lr: 7.2759e-03  eta: 1 day, 1:54:03  time: 1.3620  data_time: 0.0074  memory: 19414  loss: 0.0109  decode.loss_ce: 0.0071  decode.acc_seg: 99.8156  aux.loss_ce: 0.0039  aux.acc_seg: 99.8176
2024/01/03 02:28:44 - mmengine - INFO - Iter(train) [24100/80000]  lr: 7.2702e-03  eta: 23:33:10  time: 1.3696  data_time: 0.0077  memory: 17141  loss: 0.0098  decode.loss_ce: 0.0061  decode.acc_seg: 99.8633  aux.loss_ce: 0.0037  aux.acc_seg: 99.8565
2024/01/03 02:29:53 - mmengine - INFO - Iter(train) [24150/80000]  lr: 7.2644e-03  eta: 22:48:12  time: 1.3765  data_time: 0.0076  memory: 17141  loss: 0.0102  decode.loss_ce: 0.0068  decode.acc_seg: 99.9416  aux.loss_ce: 0.0033  aux.acc_seg: 99.9427
2024/01/03 02:31:02 - mmengine - INFO - Iter(train) [24200/80000]  lr: 7.2586e-03  eta: 22:25:22  time: 1.3768  data_time: 0.0077  memory: 17141  loss: 0.0088  decode.loss_ce: 0.0058  decode.acc_seg: 99.8879  aux.loss_ce: 0.0030  aux.acc_seg: 99.8792
2024/01/03 02:32:11 - mmengine - INFO - Iter(train) [24250/80000]  lr: 7.2529e-03  eta: 22:11:07  time: 1.3770  data_time: 0.0076  memory: 17141  loss: 0.0097  decode.loss_ce: 0.0060  decode.acc_seg: 99.5091  aux.loss_ce: 0.0037  aux.acc_seg: 99.5416
2024/01/03 02:33:19 - mmengine - INFO - Iter(train) [24300/80000]  lr: 7.2471e-03  eta: 22:01:14  time: 1.3762  data_time: 0.0076  memory: 17141  loss: 0.0063  decode.loss_ce: 0.0040  decode.acc_seg: 99.9484  aux.loss_ce: 0.0023  aux.acc_seg: 99.9388
2024/01/03 02:34:28 - mmengine - INFO - Iter(train) [24350/80000]  lr: 7.2413e-03  eta: 21:53:53  time: 1.3767  data_time: 0.0074  memory: 17141  loss: 0.0091  decode.loss_ce: 0.0060  decode.acc_seg: 99.7976  aux.loss_ce: 0.0031  aux.acc_seg: 99.7904
2024/01/03 02:35:37 - mmengine - INFO - Iter(train) [24400/80000]  lr: 7.2355e-03  eta: 21:48:01  time: 1.3756  data_time: 0.0077  memory: 17141  loss: 0.0089  decode.loss_ce: 0.0057  decode.acc_seg: 99.8815  aux.loss_ce: 0.0033  aux.acc_seg: 99.8507
2024/01/03 02:36:46 - mmengine - INFO - Iter(train) [24450/80000]  lr: 7.2298e-03  eta: 21:43:07  time: 1.3750  data_time: 0.0077  memory: 17141  loss: 0.0072  decode.loss_ce: 0.0047  decode.acc_seg: 99.7751  aux.loss_ce: 0.0026  aux.acc_seg: 99.7636
2024/01/03 02:37:55 - mmengine - INFO - Iter(train) [24500/80000]  lr: 7.2240e-03  eta: 21:39:00  time: 1.3754  data_time: 0.0077  memory: 17141  loss: 0.0089  decode.loss_ce: 0.0058  decode.acc_seg: 99.7976  aux.loss_ce: 0.0031  aux.acc_seg: 99.7874
2024/01/03 02:37:55 - mmengine - INFO - Saving checkpoint at 24500 iterations
2024/01/03 02:38:08 - mmengine - INFO - Iter(val) [ 50/370]    eta: 0:01:19  time: 0.1812  data_time: 0.0031  memory: 10701  
2024/01/03 02:38:17 - mmengine - INFO - Iter(val) [100/370]    eta: 0:00:57  time: 0.1812  data_time: 0.0032  memory: 2601  
2024/01/03 02:38:26 - mmengine - INFO - Iter(val) [150/370]    eta: 0:00:44  time: 0.1815  data_time: 0.0032  memory: 2601  
2024/01/03 02:38:36 - mmengine - INFO - Iter(val) [200/370]    eta: 0:00:33  time: 0.1826  data_time: 0.0037  memory: 2601  
2024/01/03 02:38:45 - mmengine - INFO - Iter(val) [250/370]    eta: 0:00:23  time: 0.1826  data_time: 0.0035  memory: 2601  
2024/01/03 02:38:54 - mmengine - INFO - Iter(val) [300/370]    eta: 0:00:13  time: 0.1824  data_time: 0.0035  memory: 2601  
2024/01/03 02:39:03 - mmengine - INFO - Iter(val) [350/370]    eta: 0:00:03  time: 0.1827  data_time: 0.0036  memory: 2601  
2024/01/03 02:39:07 - mmengine - INFO - per class results:
2024/01/03 02:39:07 - mmengine - INFO - 
+--------------------+-------+-------+
|       Class        |  IoU  |  Acc  |
+--------------------+-------+-------+
| Outside billboards | 99.41 | 99.91 |
|     Billboard      | 83.15 | 84.49 |
|      Goal net      | 72.24 | 88.29 |
+--------------------+-------+-------+
2024/01/03 02:39:07 - mmengine - INFO - Iter(val) [370/370]    aAcc: 99.3900  mIoU: 84.9300  mAcc: 90.8900  data_time: 0.0068  time: 0.1911
2024/01/03 02:39:07 - mmengine - INFO - The best checkpoint with 84.9300 mIoU at 24500 iter is saved to best_mIoU_iter_24500.pth.
2024/01/03 02:40:17 - mmengine - INFO - Iter(train) [24550/80000]  lr: 7.2182e-03  eta: 21:38:54  time: 1.3757  data_time: 0.0082  memory: 17144  loss: 0.0069  decode.loss_ce: 0.0043  decode.acc_seg: 99.8894  aux.loss_ce: 0.0026  aux.acc_seg: 99.8969
2024/01/03 02:41:26 - mmengine - INFO - Iter(train) [24600/80000]  lr: 7.2124e-03  eta: 21:35:29  time: 1.3775  data_time: 0.0086  memory: 17144  loss: 0.0109  decode.loss_ce: 0.0067  decode.acc_seg: 99.8085  aux.loss_ce: 0.0041  aux.acc_seg: 99.7898
2024/01/03 02:42:35 - mmengine - INFO - Iter(train) [24650/80000]  lr: 7.2067e-03  eta: 21:32:24  time: 1.3763  data_time: 0.0086  memory: 17144  loss: 0.0090  decode.loss_ce: 0.0059  decode.acc_seg: 100.0000  aux.loss_ce: 0.0031  aux.acc_seg: 99.9982
2024/01/03 02:43:44 - mmengine - INFO - Iter(train) [24700/80000]  lr: 7.2009e-03  eta: 21:29:36  time: 1.3757  data_time: 0.0079  memory: 17144  loss: 0.0091  decode.loss_ce: 0.0059  decode.acc_seg: 99.9125  aux.loss_ce: 0.0032  aux.acc_seg: 99.8998
2024/01/03 02:44:53 - mmengine - INFO - Iter(train) [24750/80000]  lr: 7.1951e-03  eta: 21:27:01  time: 1.3761  data_time: 0.0078  memory: 17144  loss: 0.0077  decode.loss_ce: 0.0050  decode.acc_seg: 99.8259  aux.loss_ce: 0.0027  aux.acc_seg: 99.8301
2024/01/03 02:46:02 - mmengine - INFO - Iter(train) [24800/80000]  lr: 7.1893e-03  eta: 21:24:39  time: 1.3773  data_time: 0.0079  memory: 17144  loss: 0.0095  decode.loss_ce: 0.0062  decode.acc_seg: 99.8222  aux.loss_ce: 0.0033  aux.acc_seg: 99.8153
2024/01/03 02:47:10 - mmengine - INFO - Iter(train) [24850/80000]  lr: 7.1835e-03  eta: 21:22:27  time: 1.3770  data_time: 0.0077  memory: 17144  loss: 0.0127  decode.loss_ce: 0.0083  decode.acc_seg: 99.8682  aux.loss_ce: 0.0044  aux.acc_seg: 99.8620
2024/01/03 02:48:19 - mmengine - INFO - Iter(train) [24900/80000]  lr: 7.1778e-03  eta: 21:20:20  time: 1.3758  data_time: 0.0076  memory: 17144  loss: 0.0083  decode.loss_ce: 0.0053  decode.acc_seg: 99.8184  aux.loss_ce: 0.0030  aux.acc_seg: 99.8094
2024/01/03 02:49:28 - mmengine - INFO - Iter(train) [24950/80000]  lr: 7.1720e-03  eta: 21:18:19  time: 1.3755  data_time: 0.0076  memory: 17144  loss: 0.0084  decode.loss_ce: 0.0054  decode.acc_seg: 99.8148  aux.loss_ce: 0.0030  aux.acc_seg: 99.8084
2024/01/03 02:50:37 - mmengine - INFO - Exp name: pspnet_r101-d8_1xb2-80k_soccernetv2-1080x1920_20240103_022601
2024/01/03 02:50:37 - mmengine - INFO - Iter(train) [25000/80000]  lr: 7.1662e-03  eta: 21:16:22  time: 1.3748  data_time: 0.0078  memory: 17144  loss: 0.0077  decode.loss_ce: 0.0050  decode.acc_seg: 99.9211  aux.loss_ce: 0.0027  aux.acc_seg: 99.9047
2024/01/03 02:51:46 - mmengine - INFO - Iter(train) [25050/80000]  lr: 7.1604e-03  eta: 21:14:32  time: 1.3789  data_time: 0.0094  memory: 17144  loss: 0.0068  decode.loss_ce: 0.0045  decode.acc_seg: 99.8960  aux.loss_ce: 0.0023  aux.acc_seg: 99.9044
2024/01/03 02:52:55 - mmengine - INFO - Iter(train) [25100/80000]  lr: 7.1546e-03  eta: 21:12:49  time: 1.3788  data_time: 0.0097  memory: 17144  loss: 0.0074  decode.loss_ce: 0.0048  decode.acc_seg: 99.7965  aux.loss_ce: 0.0026  aux.acc_seg: 99.7752
2024/01/03 02:54:04 - mmengine - INFO - Iter(train) [25150/80000]  lr: 7.1488e-03  eta: 21:11:09  time: 1.3791  data_time: 0.0100  memory: 17144  loss: 0.0067  decode.loss_ce: 0.0043  decode.acc_seg: 99.8868  aux.loss_ce: 0.0024  aux.acc_seg: 99.8861
