2024/02/05 01:34:56 - mmengine - INFO - 
------------------------------------------------------------
System environment:
    sys.platform: linux
    Python: 3.11.7 (main, Dec 15 2023, 18:12:31) [GCC 11.2.0]
    CUDA available: True
    MUSA available: False
    numpy_random_seed: 1730460336
    GPU 0: NVIDIA RTX A5000
    CUDA_HOME: None
    GCC: gcc (GCC) 8.3.1 20191121 (Red Hat 8.3.1-5)
    PyTorch: 2.2.0+cu118
    PyTorch compiling details: PyTorch built with:
  - GCC 9.3
  - C++ Version: 201703
  - Intel(R) oneAPI Math Kernel Library Version 2022.2-Product Build 20220804 for Intel(R) 64 architecture applications
  - Intel(R) MKL-DNN v3.3.2 (Git Hash 2dc95a2ad0841e29db8b22fbccaf3e5da7992b01)
  - OpenMP 201511 (a.k.a. OpenMP 4.5)
  - LAPACK is enabled (usually provided by MKL)
  - NNPACK is enabled
  - CPU capability usage: AVX2
  - CUDA Runtime 11.8
  - NVCC architecture flags: -gencode;arch=compute_50,code=sm_50;-gencode;arch=compute_60,code=sm_60;-gencode;arch=compute_70,code=sm_70;-gencode;arch=compute_75,code=sm_75;-gencode;arch=compute_80,code=sm_80;-gencode;arch=compute_86,code=sm_86;-gencode;arch=compute_37,code=sm_37;-gencode;arch=compute_90,code=sm_90
  - CuDNN 8.7
  - Magma 2.6.1
  - Build settings: BLAS_INFO=mkl, BUILD_TYPE=Release, CUDA_VERSION=11.8, CUDNN_VERSION=8.7.0, CXX_COMPILER=/opt/rh/devtoolset-9/root/usr/bin/c++, CXX_FLAGS= -D_GLIBCXX_USE_CXX11_ABI=0 -fabi-version=11 -fvisibility-inlines-hidden -DUSE_PTHREADPOOL -DNDEBUG -DUSE_KINETO -DLIBKINETO_NOROCTRACER -DUSE_FBGEMM -DUSE_QNNPACK -DUSE_PYTORCH_QNNPACK -DUSE_XNNPACK -DSYMBOLICATE_MOBILE_DEBUG_HANDLE -O2 -fPIC -Wall -Wextra -Werror=return-type -Werror=non-virtual-dtor -Werror=bool-operation -Wnarrowing -Wno-missing-field-initializers -Wno-type-limits -Wno-array-bounds -Wno-unknown-pragmas -Wno-unused-parameter -Wno-unused-function -Wno-unused-result -Wno-strict-overflow -Wno-strict-aliasing -Wno-stringop-overflow -Wsuggest-override -Wno-psabi -Wno-error=pedantic -Wno-error=old-style-cast -Wno-missing-braces -fdiagnostics-color=always -faligned-new -Wno-unused-but-set-variable -Wno-maybe-uninitialized -fno-math-errno -fno-trapping-math -Werror=format -Wno-stringop-overflow, LAPACK_INFO=mkl, PERF_WITH_AVX=1, PERF_WITH_AVX2=1, PERF_WITH_AVX512=1, TORCH_VERSION=2.2.0, USE_CUDA=ON, USE_CUDNN=ON, USE_EXCEPTION_PTR=1, USE_GFLAGS=OFF, USE_GLOG=OFF, USE_MKL=ON, USE_MKLDNN=ON, USE_MPI=OFF, USE_NCCL=1, USE_NNPACK=ON, USE_OPENMP=ON, USE_ROCM=OFF, USE_ROCM_KERNEL_ASSERT=OFF, 

    TorchVision: 0.17.0+cu118
    OpenCV: 4.9.0
    MMEngine: 0.10.3

Runtime environment:
    cudnn_benchmark: True
    mp_cfg: {'mp_start_method': 'fork', 'opencv_num_threads': 0}
    dist_cfg: {'backend': 'nccl'}
    seed: 1730460336
    Distributed launcher: slurm
    Distributed training: True
    GPU number: 1
------------------------------------------------------------

2024/02/05 01:34:56 - mmengine - INFO - Config:
ann_dir = 'Labels'
checkpoint = 'https://download.openmmlab.com/mmsegmentation/v0.5/ddrnet/pretrain/ddrnet23-in1kpre_3rdparty-9ca29f62.pth'
crop_size = (
    1080,
    1920,
)
data_preprocessor = dict(
    bgr_to_rgb=True,
    mean=[
        123.675,
        116.28,
        103.53,
    ],
    pad_val=0,
    seg_pad_val=255,
    size=(
        1080,
        1920,
    ),
    std=[
        58.395,
        57.12,
        57.375,
    ],
    type='SegDataPreProcessor')
data_root = 'Dataset'
dataset_type = 'SoccerNet'
default_hooks = dict(
    checkpoint=dict(
        by_epoch=False,
        interval=100,
        max_keep_ckpts=2,
        save_best='mIoU',
        type='CheckpointHook'),
    logger=dict(interval=50, log_metric_by_epoch=False, type='LoggerHook'),
    param_scheduler=dict(type='ParamSchedulerHook'),
    sampler_seed=dict(type='DistSamplerSeedHook'),
    timer=dict(type='IterTimerHook'),
    visualization=dict(type='SegVisualizationHook'))
default_scope = 'mmseg'
env_cfg = dict(
    cudnn_benchmark=True,
    dist_cfg=dict(backend='nccl'),
    mp_cfg=dict(mp_start_method='fork', opencv_num_threads=0))
img_dir = 'Images'
img_ratios = [
    0.5,
    0.75,
    1.0,
    1.25,
    1.5,
    1.75,
]
iters = 40000
launcher = 'slurm'
load_from = None
log_level = 'INFO'
log_processor = dict(by_epoch=False)
model = dict(
    backbone=dict(
        align_corners=False,
        channels=64,
        in_channels=3,
        init_cfg=dict(
            checkpoint=
            'https://download.openmmlab.com/mmsegmentation/v0.5/ddrnet/pretrain/ddrnet23-in1kpre_3rdparty-9ca29f62.pth',
            type='Pretrained'),
        norm_cfg=dict(requires_grad=True, type='BN'),
        ppm_channels=128,
        type='DDRNet'),
    data_preprocessor=dict(
        bgr_to_rgb=True,
        mean=[
            123.675,
            116.28,
            103.53,
        ],
        pad_val=0,
        seg_pad_val=255,
        size=(
            1080,
            1920,
        ),
        std=[
            58.395,
            57.12,
            57.375,
        ],
        type='SegDataPreProcessor'),
    decode_head=dict(
        align_corners=False,
        channels=128,
        dropout_ratio=0.0,
        in_channels=256,
        loss_decode=[
            dict(
                class_weight=[
                    1.0,
                    1.0,
                    1.0,
                ],
                loss_weight=1.0,
                min_kept=131072,
                thres=0.9,
                type='OhemCrossEntropy'),
            dict(
                class_weight=[
                    1.0,
                    1.0,
                    1.0,
                ],
                loss_weight=0.4,
                min_kept=131072,
                thres=0.9,
                type='OhemCrossEntropy'),
        ],
        norm_cfg=dict(requires_grad=True, type='BN'),
        num_classes=3,
        type='DDRHead'),
    test_cfg=dict(mode='whole'),
    train_cfg=dict(),
    type='EncoderDecoder')
norm_cfg = dict(requires_grad=True, type='BN')
num_classes = 3
optim_wrapper = dict(
    clip_grad=None,
    optimizer=dict(lr=0.01, momentum=0.9, type='SGD', weight_decay=0.0005),
    type='OptimWrapper')
optimizer = dict(lr=0.01, momentum=0.9, type='SGD', weight_decay=0.0005)
param_scheduler = [
    dict(
        begin=0,
        by_epoch=False,
        end=40000,
        eta_min=0,
        power=0.9,
        type='PolyLR'),
]
resume = False
scale = (
    1920,
    1080,
)
test_cfg = dict(type='TestLoop')
test_dataloader = dict(
    batch_size=1,
    dataset=dict(
        ann_file='splits/test.txt',
        data_prefix=dict(img_path='Images', seg_map_path='Labels'),
        data_root='Dataset',
        pipeline=[
            dict(type='LoadImageFromFile'),
            dict(keep_ratio=True, scale=(
                1920,
                1080,
            ), type='Resize'),
            dict(type='LoadAnnotations'),
            dict(type='PackSegInputs'),
        ],
        type='SoccerNet'),
    num_workers=2,
    persistent_workers=True,
    sampler=dict(shuffle=False, type='DefaultSampler'))
test_evaluator = dict(
    iou_metrics=[
        'mIoU',
    ], type='IoUMetric')
train_cfg = dict(max_iters=40000, type='IterBasedTrainLoop', val_interval=100)
train_dataloader = dict(
    batch_size=6,
    dataset=dict(
        ann_file='splits/train.txt',
        data_prefix=dict(img_path='Images', seg_map_path='Labels'),
        data_root='Dataset',
        pipeline=[
            dict(type='LoadImageFromFile'),
            dict(type='LoadAnnotations'),
            dict(
                keep_ratio=True,
                ratio_range=(
                    1.0,
                    4.0,
                ),
                scale=(
                    1920,
                    1080,
                ),
                type='RandomResize'),
            dict(
                cat_max_ratio=0.75,
                crop_size=(
                    1080,
                    1920,
                ),
                type='RandomCrop'),
            dict(prob=0.5, type='RandomFlip'),
            dict(type='PackSegInputs'),
        ],
        type='SoccerNet'),
    num_workers=4,
    persistent_workers=True,
    sampler=dict(shuffle=True, type='InfiniteSampler'))
train_pipeline = [
    dict(type='LoadImageFromFile'),
    dict(type='LoadAnnotations'),
    dict(
        keep_ratio=True,
        ratio_range=(
            1.0,
            4.0,
        ),
        scale=(
            1920,
            1080,
        ),
        type='RandomResize'),
    dict(cat_max_ratio=0.75, crop_size=(
        1080,
        1920,
    ), type='RandomCrop'),
    dict(prob=0.5, type='RandomFlip'),
    dict(type='PackSegInputs'),
]
tta_model = dict(type='SegTTAModel')
tta_pipeline = [
    dict(backend_args=None, type='LoadImageFromFile'),
    dict(
        transforms=[
            [
                dict(keep_ratio=True, scale_factor=0.5, type='Resize'),
                dict(keep_ratio=True, scale_factor=0.75, type='Resize'),
                dict(keep_ratio=True, scale_factor=1.0, type='Resize'),
                dict(keep_ratio=True, scale_factor=1.25, type='Resize'),
                dict(keep_ratio=True, scale_factor=1.5, type='Resize'),
                dict(keep_ratio=True, scale_factor=1.75, type='Resize'),
            ],
            [
                dict(direction='horizontal', prob=0.0, type='RandomFlip'),
                dict(direction='horizontal', prob=1.0, type='RandomFlip'),
            ],
            [
                dict(type='LoadAnnotations'),
            ],
            [
                dict(type='PackSegInputs'),
            ],
        ],
        type='TestTimeAug'),
]
val_cfg = dict(type='ValLoop')
val_dataloader = dict(
    batch_size=2,
    dataset=dict(
        ann_file='splits/val.txt',
        data_prefix=dict(img_path='Images', seg_map_path='Labels'),
        data_root='Dataset',
        pipeline=[
            dict(type='LoadImageFromFile'),
            dict(keep_ratio=True, scale=(
                1920,
                1080,
            ), type='Resize'),
            dict(type='LoadAnnotations'),
            dict(type='PackSegInputs'),
        ],
        type='SoccerNet'),
    num_workers=2,
    persistent_workers=True,
    sampler=dict(shuffle=False, type='DefaultSampler'))
val_evaluator = dict(
    iou_metrics=[
        'mIoU',
    ], type='IoUMetric')
val_interval = 100
val_pipeline = [
    dict(type='LoadImageFromFile'),
    dict(keep_ratio=True, scale=(
        1920,
        1080,
    ), type='Resize'),
    dict(type='LoadAnnotations'),
    dict(type='PackSegInputs'),
]
vis_backends = [
    dict(type='LocalVisBackend'),
]
visualizer = dict(
    name='visualizer',
    type='SegLocalVisualizer',
    vis_backends=[
        dict(type='LocalVisBackend'),
    ])
work_dir = 'work_dir/split_models/ddrnet/ddrnet_23_in1k-pre_2xb6-120k_cityscapes-1024x1024.py'

2024/02/05 01:35:18 - mmengine - INFO - Hooks will be executed in the following order:
before_run:
(VERY_HIGH   ) RuntimeInfoHook                    
(BELOW_NORMAL) LoggerHook                         
 -------------------- 
before_train:
(VERY_HIGH   ) RuntimeInfoHook                    
(NORMAL      ) IterTimerHook                      
(VERY_LOW    ) CheckpointHook                     
 -------------------- 
before_train_epoch:
(VERY_HIGH   ) RuntimeInfoHook                    
(NORMAL      ) IterTimerHook                      
(NORMAL      ) DistSamplerSeedHook                
 -------------------- 
before_train_iter:
(VERY_HIGH   ) RuntimeInfoHook                    
(NORMAL      ) IterTimerHook                      
 -------------------- 
after_train_iter:
(VERY_HIGH   ) RuntimeInfoHook                    
(NORMAL      ) IterTimerHook                      
(NORMAL      ) SegVisualizationHook               
(BELOW_NORMAL) LoggerHook                         
(LOW         ) ParamSchedulerHook                 
(VERY_LOW    ) CheckpointHook                     
 -------------------- 
after_train_epoch:
(NORMAL      ) IterTimerHook                      
(LOW         ) ParamSchedulerHook                 
(VERY_LOW    ) CheckpointHook                     
 -------------------- 
before_val:
(VERY_HIGH   ) RuntimeInfoHook                    
 -------------------- 
before_val_epoch:
(NORMAL      ) IterTimerHook                      
 -------------------- 
before_val_iter:
(NORMAL      ) IterTimerHook                      
 -------------------- 
after_val_iter:
(NORMAL      ) IterTimerHook                      
(NORMAL      ) SegVisualizationHook               
(BELOW_NORMAL) LoggerHook                         
 -------------------- 
after_val_epoch:
(VERY_HIGH   ) RuntimeInfoHook                    
(NORMAL      ) IterTimerHook                      
(BELOW_NORMAL) LoggerHook                         
(LOW         ) ParamSchedulerHook                 
(VERY_LOW    ) CheckpointHook                     
 -------------------- 
after_val:
(VERY_HIGH   ) RuntimeInfoHook                    
 -------------------- 
after_train:
(VERY_HIGH   ) RuntimeInfoHook                    
(VERY_LOW    ) CheckpointHook                     
 -------------------- 
before_test:
(VERY_HIGH   ) RuntimeInfoHook                    
 -------------------- 
before_test_epoch:
(NORMAL      ) IterTimerHook                      
 -------------------- 
before_test_iter:
(NORMAL      ) IterTimerHook                      
 -------------------- 
after_test_iter:
(NORMAL      ) IterTimerHook                      
(NORMAL      ) SegVisualizationHook               
(BELOW_NORMAL) LoggerHook                         
 -------------------- 
after_test_epoch:
(VERY_HIGH   ) RuntimeInfoHook                    
(NORMAL      ) IterTimerHook                      
(BELOW_NORMAL) LoggerHook                         
 -------------------- 
after_test:
(VERY_HIGH   ) RuntimeInfoHook                    
 -------------------- 
after_run:
(BELOW_NORMAL) LoggerHook                         
 -------------------- 
2024/02/05 01:35:19 - mmengine - WARNING - The prefix is not set in metric class IoUMetric.
2024/02/05 01:35:19 - mmengine - INFO - load model from: https://download.openmmlab.com/mmsegmentation/v0.5/ddrnet/pretrain/ddrnet23-in1kpre_3rdparty-9ca29f62.pth
2024/02/05 01:35:19 - mmengine - INFO - Loads checkpoint by http backend from path: https://download.openmmlab.com/mmsegmentation/v0.5/ddrnet/pretrain/ddrnet23-in1kpre_3rdparty-9ca29f62.pth
2024/02/05 01:35:20 - mmengine - WARNING - The model and loaded state dict do not match exactly

missing keys in source state_dict: spp.scales.0.conv.weight, spp.scales.0.bn.weight, spp.scales.0.bn.bias, spp.scales.0.bn.running_mean, spp.scales.0.bn.running_var, spp.scales.1.1.conv.weight, spp.scales.1.1.bn.weight, spp.scales.1.1.bn.bias, spp.scales.1.1.bn.running_mean, spp.scales.1.1.bn.running_var, spp.scales.2.1.conv.weight, spp.scales.2.1.bn.weight, spp.scales.2.1.bn.bias, spp.scales.2.1.bn.running_mean, spp.scales.2.1.bn.running_var, spp.scales.3.1.conv.weight, spp.scales.3.1.bn.weight, spp.scales.3.1.bn.bias, spp.scales.3.1.bn.running_mean, spp.scales.3.1.bn.running_var, spp.scales.4.1.conv.weight, spp.scales.4.1.bn.weight, spp.scales.4.1.bn.bias, spp.scales.4.1.bn.running_mean, spp.scales.4.1.bn.running_var, spp.processes.0.conv.weight, spp.processes.0.bn.weight, spp.processes.0.bn.bias, spp.processes.0.bn.running_mean, spp.processes.0.bn.running_var, spp.processes.1.conv.weight, spp.processes.1.bn.weight, spp.processes.1.bn.bias, spp.processes.1.bn.running_mean, spp.processes.1.bn.running_var, spp.processes.2.conv.weight, spp.processes.2.bn.weight, spp.processes.2.bn.bias, spp.processes.2.bn.running_mean, spp.processes.2.bn.running_var, spp.processes.3.conv.weight, spp.processes.3.bn.weight, spp.processes.3.bn.bias, spp.processes.3.bn.running_mean, spp.processes.3.bn.running_var, spp.compression.conv.weight, spp.compression.bn.weight, spp.compression.bn.bias, spp.compression.bn.running_mean, spp.compression.bn.running_var, spp.shortcut.conv.weight, spp.shortcut.bn.weight, spp.shortcut.bn.bias, spp.shortcut.bn.running_mean, spp.shortcut.bn.running_var

Name of parameter - Initialization information

backbone.stem.0.conv.weight - torch.Size([64, 3, 3, 3]): 
PretrainedInit: load from https://download.openmmlab.com/mmsegmentation/v0.5/ddrnet/pretrain/ddrnet23-in1kpre_3rdparty-9ca29f62.pth 

backbone.stem.0.bn.weight - torch.Size([64]): 
PretrainedInit: load from https://download.openmmlab.com/mmsegmentation/v0.5/ddrnet/pretrain/ddrnet23-in1kpre_3rdparty-9ca29f62.pth 

backbone.stem.0.bn.bias - torch.Size([64]): 
PretrainedInit: load from https://download.openmmlab.com/mmsegmentation/v0.5/ddrnet/pretrain/ddrnet23-in1kpre_3rdparty-9ca29f62.pth 

backbone.stem.1.conv.weight - torch.Size([64, 64, 3, 3]): 
PretrainedInit: load from https://download.openmmlab.com/mmsegmentation/v0.5/ddrnet/pretrain/ddrnet23-in1kpre_3rdparty-9ca29f62.pth 

backbone.stem.1.bn.weight - torch.Size([64]): 
PretrainedInit: load from https://download.openmmlab.com/mmsegmentation/v0.5/ddrnet/pretrain/ddrnet23-in1kpre_3rdparty-9ca29f62.pth 

backbone.stem.1.bn.bias - torch.Size([64]): 
PretrainedInit: load from https://download.openmmlab.com/mmsegmentation/v0.5/ddrnet/pretrain/ddrnet23-in1kpre_3rdparty-9ca29f62.pth 

backbone.stem.2.0.conv1.conv.weight - torch.Size([64, 64, 3, 3]): 
PretrainedInit: load from https://download.openmmlab.com/mmsegmentation/v0.5/ddrnet/pretrain/ddrnet23-in1kpre_3rdparty-9ca29f62.pth 

backbone.stem.2.0.conv1.bn.weight - torch.Size([64]): 
PretrainedInit: load from https://download.openmmlab.com/mmsegmentation/v0.5/ddrnet/pretrain/ddrnet23-in1kpre_3rdparty-9ca29f62.pth 

backbone.stem.2.0.conv1.bn.bias - torch.Size([64]): 
PretrainedInit: load from https://download.openmmlab.com/mmsegmentation/v0.5/ddrnet/pretrain/ddrnet23-in1kpre_3rdparty-9ca29f62.pth 

backbone.stem.2.0.conv2.conv.weight - torch.Size([64, 64, 3, 3]): 
PretrainedInit: load from https://download.openmmlab.com/mmsegmentation/v0.5/ddrnet/pretrain/ddrnet23-in1kpre_3rdparty-9ca29f62.pth 

backbone.stem.2.0.conv2.bn.weight - torch.Size([64]): 
PretrainedInit: load from https://download.openmmlab.com/mmsegmentation/v0.5/ddrnet/pretrain/ddrnet23-in1kpre_3rdparty-9ca29f62.pth 

backbone.stem.2.0.conv2.bn.bias - torch.Size([64]): 
PretrainedInit: load from https://download.openmmlab.com/mmsegmentation/v0.5/ddrnet/pretrain/ddrnet23-in1kpre_3rdparty-9ca29f62.pth 

backbone.stem.2.1.conv1.conv.weight - torch.Size([64, 64, 3, 3]): 
PretrainedInit: load from https://download.openmmlab.com/mmsegmentation/v0.5/ddrnet/pretrain/ddrnet23-in1kpre_3rdparty-9ca29f62.pth 

backbone.stem.2.1.conv1.bn.weight - torch.Size([64]): 
PretrainedInit: load from https://download.openmmlab.com/mmsegmentation/v0.5/ddrnet/pretrain/ddrnet23-in1kpre_3rdparty-9ca29f62.pth 

backbone.stem.2.1.conv1.bn.bias - torch.Size([64]): 
PretrainedInit: load from https://download.openmmlab.com/mmsegmentation/v0.5/ddrnet/pretrain/ddrnet23-in1kpre_3rdparty-9ca29f62.pth 

backbone.stem.2.1.conv2.conv.weight - torch.Size([64, 64, 3, 3]): 
PretrainedInit: load from https://download.openmmlab.com/mmsegmentation/v0.5/ddrnet/pretrain/ddrnet23-in1kpre_3rdparty-9ca29f62.pth 

backbone.stem.2.1.conv2.bn.weight - torch.Size([64]): 
PretrainedInit: load from https://download.openmmlab.com/mmsegmentation/v0.5/ddrnet/pretrain/ddrnet23-in1kpre_3rdparty-9ca29f62.pth 

backbone.stem.2.1.conv2.bn.bias - torch.Size([64]): 
PretrainedInit: load from https://download.openmmlab.com/mmsegmentation/v0.5/ddrnet/pretrain/ddrnet23-in1kpre_3rdparty-9ca29f62.pth 

backbone.stem.4.0.conv1.conv.weight - torch.Size([128, 64, 3, 3]): 
PretrainedInit: load from https://download.openmmlab.com/mmsegmentation/v0.5/ddrnet/pretrain/ddrnet23-in1kpre_3rdparty-9ca29f62.pth 

backbone.stem.4.0.conv1.bn.weight - torch.Size([128]): 
PretrainedInit: load from https://download.openmmlab.com/mmsegmentation/v0.5/ddrnet/pretrain/ddrnet23-in1kpre_3rdparty-9ca29f62.pth 

backbone.stem.4.0.conv1.bn.bias - torch.Size([128]): 
PretrainedInit: load from https://download.openmmlab.com/mmsegmentation/v0.5/ddrnet/pretrain/ddrnet23-in1kpre_3rdparty-9ca29f62.pth 

backbone.stem.4.0.conv2.conv.weight - torch.Size([128, 128, 3, 3]): 
PretrainedInit: load from https://download.openmmlab.com/mmsegmentation/v0.5/ddrnet/pretrain/ddrnet23-in1kpre_3rdparty-9ca29f62.pth 

backbone.stem.4.0.conv2.bn.weight - torch.Size([128]): 
PretrainedInit: load from https://download.openmmlab.com/mmsegmentation/v0.5/ddrnet/pretrain/ddrnet23-in1kpre_3rdparty-9ca29f62.pth 

backbone.stem.4.0.conv2.bn.bias - torch.Size([128]): 
PretrainedInit: load from https://download.openmmlab.com/mmsegmentation/v0.5/ddrnet/pretrain/ddrnet23-in1kpre_3rdparty-9ca29f62.pth 

backbone.stem.4.0.downsample.0.weight - torch.Size([128, 64, 1, 1]): 
PretrainedInit: load from https://download.openmmlab.com/mmsegmentation/v0.5/ddrnet/pretrain/ddrnet23-in1kpre_3rdparty-9ca29f62.pth 

backbone.stem.4.0.downsample.1.weight - torch.Size([128]): 
PretrainedInit: load from https://download.openmmlab.com/mmsegmentation/v0.5/ddrnet/pretrain/ddrnet23-in1kpre_3rdparty-9ca29f62.pth 

backbone.stem.4.0.downsample.1.bias - torch.Size([128]): 
PretrainedInit: load from https://download.openmmlab.com/mmsegmentation/v0.5/ddrnet/pretrain/ddrnet23-in1kpre_3rdparty-9ca29f62.pth 

backbone.stem.4.1.conv1.conv.weight - torch.Size([128, 128, 3, 3]): 
PretrainedInit: load from https://download.openmmlab.com/mmsegmentation/v0.5/ddrnet/pretrain/ddrnet23-in1kpre_3rdparty-9ca29f62.pth 

backbone.stem.4.1.conv1.bn.weight - torch.Size([128]): 
PretrainedInit: load from https://download.openmmlab.com/mmsegmentation/v0.5/ddrnet/pretrain/ddrnet23-in1kpre_3rdparty-9ca29f62.pth 

backbone.stem.4.1.conv1.bn.bias - torch.Size([128]): 
PretrainedInit: load from https://download.openmmlab.com/mmsegmentation/v0.5/ddrnet/pretrain/ddrnet23-in1kpre_3rdparty-9ca29f62.pth 

backbone.stem.4.1.conv2.conv.weight - torch.Size([128, 128, 3, 3]): 
PretrainedInit: load from https://download.openmmlab.com/mmsegmentation/v0.5/ddrnet/pretrain/ddrnet23-in1kpre_3rdparty-9ca29f62.pth 

backbone.stem.4.1.conv2.bn.weight - torch.Size([128]): 
PretrainedInit: load from https://download.openmmlab.com/mmsegmentation/v0.5/ddrnet/pretrain/ddrnet23-in1kpre_3rdparty-9ca29f62.pth 

backbone.stem.4.1.conv2.bn.bias - torch.Size([128]): 
PretrainedInit: load from https://download.openmmlab.com/mmsegmentation/v0.5/ddrnet/pretrain/ddrnet23-in1kpre_3rdparty-9ca29f62.pth 

backbone.context_branch_layers.0.0.conv1.conv.weight - torch.Size([256, 128, 3, 3]): 
PretrainedInit: load from https://download.openmmlab.com/mmsegmentation/v0.5/ddrnet/pretrain/ddrnet23-in1kpre_3rdparty-9ca29f62.pth 

backbone.context_branch_layers.0.0.conv1.bn.weight - torch.Size([256]): 
PretrainedInit: load from https://download.openmmlab.com/mmsegmentation/v0.5/ddrnet/pretrain/ddrnet23-in1kpre_3rdparty-9ca29f62.pth 

backbone.context_branch_layers.0.0.conv1.bn.bias - torch.Size([256]): 
PretrainedInit: load from https://download.openmmlab.com/mmsegmentation/v0.5/ddrnet/pretrain/ddrnet23-in1kpre_3rdparty-9ca29f62.pth 

backbone.context_branch_layers.0.0.conv2.conv.weight - torch.Size([256, 256, 3, 3]): 
PretrainedInit: load from https://download.openmmlab.com/mmsegmentation/v0.5/ddrnet/pretrain/ddrnet23-in1kpre_3rdparty-9ca29f62.pth 

backbone.context_branch_layers.0.0.conv2.bn.weight - torch.Size([256]): 
PretrainedInit: load from https://download.openmmlab.com/mmsegmentation/v0.5/ddrnet/pretrain/ddrnet23-in1kpre_3rdparty-9ca29f62.pth 

backbone.context_branch_layers.0.0.conv2.bn.bias - torch.Size([256]): 
PretrainedInit: load from https://download.openmmlab.com/mmsegmentation/v0.5/ddrnet/pretrain/ddrnet23-in1kpre_3rdparty-9ca29f62.pth 

backbone.context_branch_layers.0.0.downsample.0.weight - torch.Size([256, 128, 1, 1]): 
PretrainedInit: load from https://download.openmmlab.com/mmsegmentation/v0.5/ddrnet/pretrain/ddrnet23-in1kpre_3rdparty-9ca29f62.pth 

backbone.context_branch_layers.0.0.downsample.1.weight - torch.Size([256]): 
PretrainedInit: load from https://download.openmmlab.com/mmsegmentation/v0.5/ddrnet/pretrain/ddrnet23-in1kpre_3rdparty-9ca29f62.pth 

backbone.context_branch_layers.0.0.downsample.1.bias - torch.Size([256]): 
PretrainedInit: load from https://download.openmmlab.com/mmsegmentation/v0.5/ddrnet/pretrain/ddrnet23-in1kpre_3rdparty-9ca29f62.pth 

backbone.context_branch_layers.0.1.conv1.conv.weight - torch.Size([256, 256, 3, 3]): 
PretrainedInit: load from https://download.openmmlab.com/mmsegmentation/v0.5/ddrnet/pretrain/ddrnet23-in1kpre_3rdparty-9ca29f62.pth 

backbone.context_branch_layers.0.1.conv1.bn.weight - torch.Size([256]): 
PretrainedInit: load from https://download.openmmlab.com/mmsegmentation/v0.5/ddrnet/pretrain/ddrnet23-in1kpre_3rdparty-9ca29f62.pth 

backbone.context_branch_layers.0.1.conv1.bn.bias - torch.Size([256]): 
PretrainedInit: load from https://download.openmmlab.com/mmsegmentation/v0.5/ddrnet/pretrain/ddrnet23-in1kpre_3rdparty-9ca29f62.pth 

backbone.context_branch_layers.0.1.conv2.conv.weight - torch.Size([256, 256, 3, 3]): 
PretrainedInit: load from https://download.openmmlab.com/mmsegmentation/v0.5/ddrnet/pretrain/ddrnet23-in1kpre_3rdparty-9ca29f62.pth 

backbone.context_branch_layers.0.1.conv2.bn.weight - torch.Size([256]): 
PretrainedInit: load from https://download.openmmlab.com/mmsegmentation/v0.5/ddrnet/pretrain/ddrnet23-in1kpre_3rdparty-9ca29f62.pth 

backbone.context_branch_layers.0.1.conv2.bn.bias - torch.Size([256]): 
PretrainedInit: load from https://download.openmmlab.com/mmsegmentation/v0.5/ddrnet/pretrain/ddrnet23-in1kpre_3rdparty-9ca29f62.pth 

backbone.context_branch_layers.1.0.conv1.conv.weight - torch.Size([512, 256, 3, 3]): 
PretrainedInit: load from https://download.openmmlab.com/mmsegmentation/v0.5/ddrnet/pretrain/ddrnet23-in1kpre_3rdparty-9ca29f62.pth 

backbone.context_branch_layers.1.0.conv1.bn.weight - torch.Size([512]): 
PretrainedInit: load from https://download.openmmlab.com/mmsegmentation/v0.5/ddrnet/pretrain/ddrnet23-in1kpre_3rdparty-9ca29f62.pth 

backbone.context_branch_layers.1.0.conv1.bn.bias - torch.Size([512]): 
PretrainedInit: load from https://download.openmmlab.com/mmsegmentation/v0.5/ddrnet/pretrain/ddrnet23-in1kpre_3rdparty-9ca29f62.pth 

backbone.context_branch_layers.1.0.conv2.conv.weight - torch.Size([512, 512, 3, 3]): 
PretrainedInit: load from https://download.openmmlab.com/mmsegmentation/v0.5/ddrnet/pretrain/ddrnet23-in1kpre_3rdparty-9ca29f62.pth 

backbone.context_branch_layers.1.0.conv2.bn.weight - torch.Size([512]): 
PretrainedInit: load from https://download.openmmlab.com/mmsegmentation/v0.5/ddrnet/pretrain/ddrnet23-in1kpre_3rdparty-9ca29f62.pth 

backbone.context_branch_layers.1.0.conv2.bn.bias - torch.Size([512]): 
PretrainedInit: load from https://download.openmmlab.com/mmsegmentation/v0.5/ddrnet/pretrain/ddrnet23-in1kpre_3rdparty-9ca29f62.pth 

backbone.context_branch_layers.1.0.downsample.0.weight - torch.Size([512, 256, 1, 1]): 
PretrainedInit: load from https://download.openmmlab.com/mmsegmentation/v0.5/ddrnet/pretrain/ddrnet23-in1kpre_3rdparty-9ca29f62.pth 

backbone.context_branch_layers.1.0.downsample.1.weight - torch.Size([512]): 
PretrainedInit: load from https://download.openmmlab.com/mmsegmentation/v0.5/ddrnet/pretrain/ddrnet23-in1kpre_3rdparty-9ca29f62.pth 

backbone.context_branch_layers.1.0.downsample.1.bias - torch.Size([512]): 
PretrainedInit: load from https://download.openmmlab.com/mmsegmentation/v0.5/ddrnet/pretrain/ddrnet23-in1kpre_3rdparty-9ca29f62.pth 

backbone.context_branch_layers.1.1.conv1.conv.weight - torch.Size([512, 512, 3, 3]): 
PretrainedInit: load from https://download.openmmlab.com/mmsegmentation/v0.5/ddrnet/pretrain/ddrnet23-in1kpre_3rdparty-9ca29f62.pth 

backbone.context_branch_layers.1.1.conv1.bn.weight - torch.Size([512]): 
PretrainedInit: load from https://download.openmmlab.com/mmsegmentation/v0.5/ddrnet/pretrain/ddrnet23-in1kpre_3rdparty-9ca29f62.pth 

backbone.context_branch_layers.1.1.conv1.bn.bias - torch.Size([512]): 
PretrainedInit: load from https://download.openmmlab.com/mmsegmentation/v0.5/ddrnet/pretrain/ddrnet23-in1kpre_3rdparty-9ca29f62.pth 

backbone.context_branch_layers.1.1.conv2.conv.weight - torch.Size([512, 512, 3, 3]): 
PretrainedInit: load from https://download.openmmlab.com/mmsegmentation/v0.5/ddrnet/pretrain/ddrnet23-in1kpre_3rdparty-9ca29f62.pth 

backbone.context_branch_layers.1.1.conv2.bn.weight - torch.Size([512]): 
PretrainedInit: load from https://download.openmmlab.com/mmsegmentation/v0.5/ddrnet/pretrain/ddrnet23-in1kpre_3rdparty-9ca29f62.pth 

backbone.context_branch_layers.1.1.conv2.bn.bias - torch.Size([512]): 
PretrainedInit: load from https://download.openmmlab.com/mmsegmentation/v0.5/ddrnet/pretrain/ddrnet23-in1kpre_3rdparty-9ca29f62.pth 

backbone.context_branch_layers.2.0.conv1.conv.weight - torch.Size([512, 512, 1, 1]): 
PretrainedInit: load from https://download.openmmlab.com/mmsegmentation/v0.5/ddrnet/pretrain/ddrnet23-in1kpre_3rdparty-9ca29f62.pth 

backbone.context_branch_layers.2.0.conv1.bn.weight - torch.Size([512]): 
PretrainedInit: load from https://download.openmmlab.com/mmsegmentation/v0.5/ddrnet/pretrain/ddrnet23-in1kpre_3rdparty-9ca29f62.pth 

backbone.context_branch_layers.2.0.conv1.bn.bias - torch.Size([512]): 
PretrainedInit: load from https://download.openmmlab.com/mmsegmentation/v0.5/ddrnet/pretrain/ddrnet23-in1kpre_3rdparty-9ca29f62.pth 

backbone.context_branch_layers.2.0.conv2.conv.weight - torch.Size([512, 512, 3, 3]): 
PretrainedInit: load from https://download.openmmlab.com/mmsegmentation/v0.5/ddrnet/pretrain/ddrnet23-in1kpre_3rdparty-9ca29f62.pth 

backbone.context_branch_layers.2.0.conv2.bn.weight - torch.Size([512]): 
PretrainedInit: load from https://download.openmmlab.com/mmsegmentation/v0.5/ddrnet/pretrain/ddrnet23-in1kpre_3rdparty-9ca29f62.pth 

backbone.context_branch_layers.2.0.conv2.bn.bias - torch.Size([512]): 
PretrainedInit: load from https://download.openmmlab.com/mmsegmentation/v0.5/ddrnet/pretrain/ddrnet23-in1kpre_3rdparty-9ca29f62.pth 

backbone.context_branch_layers.2.0.conv3.conv.weight - torch.Size([1024, 512, 1, 1]): 
PretrainedInit: load from https://download.openmmlab.com/mmsegmentation/v0.5/ddrnet/pretrain/ddrnet23-in1kpre_3rdparty-9ca29f62.pth 

backbone.context_branch_layers.2.0.conv3.bn.weight - torch.Size([1024]): 
PretrainedInit: load from https://download.openmmlab.com/mmsegmentation/v0.5/ddrnet/pretrain/ddrnet23-in1kpre_3rdparty-9ca29f62.pth 

backbone.context_branch_layers.2.0.conv3.bn.bias - torch.Size([1024]): 
PretrainedInit: load from https://download.openmmlab.com/mmsegmentation/v0.5/ddrnet/pretrain/ddrnet23-in1kpre_3rdparty-9ca29f62.pth 

backbone.context_branch_layers.2.0.downsample.0.weight - torch.Size([1024, 512, 1, 1]): 
PretrainedInit: load from https://download.openmmlab.com/mmsegmentation/v0.5/ddrnet/pretrain/ddrnet23-in1kpre_3rdparty-9ca29f62.pth 

backbone.context_branch_layers.2.0.downsample.1.weight - torch.Size([1024]): 
PretrainedInit: load from https://download.openmmlab.com/mmsegmentation/v0.5/ddrnet/pretrain/ddrnet23-in1kpre_3rdparty-9ca29f62.pth 

backbone.context_branch_layers.2.0.downsample.1.bias - torch.Size([1024]): 
PretrainedInit: load from https://download.openmmlab.com/mmsegmentation/v0.5/ddrnet/pretrain/ddrnet23-in1kpre_3rdparty-9ca29f62.pth 

backbone.compression_1.conv.weight - torch.Size([128, 256, 1, 1]): 
PretrainedInit: load from https://download.openmmlab.com/mmsegmentation/v0.5/ddrnet/pretrain/ddrnet23-in1kpre_3rdparty-9ca29f62.pth 

backbone.compression_1.bn.weight - torch.Size([128]): 
PretrainedInit: load from https://download.openmmlab.com/mmsegmentation/v0.5/ddrnet/pretrain/ddrnet23-in1kpre_3rdparty-9ca29f62.pth 

backbone.compression_1.bn.bias - torch.Size([128]): 
PretrainedInit: load from https://download.openmmlab.com/mmsegmentation/v0.5/ddrnet/pretrain/ddrnet23-in1kpre_3rdparty-9ca29f62.pth 

backbone.down_1.conv.weight - torch.Size([256, 128, 3, 3]): 
PretrainedInit: load from https://download.openmmlab.com/mmsegmentation/v0.5/ddrnet/pretrain/ddrnet23-in1kpre_3rdparty-9ca29f62.pth 

backbone.down_1.bn.weight - torch.Size([256]): 
PretrainedInit: load from https://download.openmmlab.com/mmsegmentation/v0.5/ddrnet/pretrain/ddrnet23-in1kpre_3rdparty-9ca29f62.pth 

backbone.down_1.bn.bias - torch.Size([256]): 
PretrainedInit: load from https://download.openmmlab.com/mmsegmentation/v0.5/ddrnet/pretrain/ddrnet23-in1kpre_3rdparty-9ca29f62.pth 

backbone.compression_2.conv.weight - torch.Size([128, 512, 1, 1]): 
PretrainedInit: load from https://download.openmmlab.com/mmsegmentation/v0.5/ddrnet/pretrain/ddrnet23-in1kpre_3rdparty-9ca29f62.pth 

backbone.compression_2.bn.weight - torch.Size([128]): 
PretrainedInit: load from https://download.openmmlab.com/mmsegmentation/v0.5/ddrnet/pretrain/ddrnet23-in1kpre_3rdparty-9ca29f62.pth 

backbone.compression_2.bn.bias - torch.Size([128]): 
PretrainedInit: load from https://download.openmmlab.com/mmsegmentation/v0.5/ddrnet/pretrain/ddrnet23-in1kpre_3rdparty-9ca29f62.pth 

backbone.down_2.0.conv.weight - torch.Size([256, 128, 3, 3]): 
PretrainedInit: load from https://download.openmmlab.com/mmsegmentation/v0.5/ddrnet/pretrain/ddrnet23-in1kpre_3rdparty-9ca29f62.pth 

backbone.down_2.0.bn.weight - torch.Size([256]): 
PretrainedInit: load from https://download.openmmlab.com/mmsegmentation/v0.5/ddrnet/pretrain/ddrnet23-in1kpre_3rdparty-9ca29f62.pth 

backbone.down_2.0.bn.bias - torch.Size([256]): 
PretrainedInit: load from https://download.openmmlab.com/mmsegmentation/v0.5/ddrnet/pretrain/ddrnet23-in1kpre_3rdparty-9ca29f62.pth 

backbone.down_2.1.conv.weight - torch.Size([512, 256, 3, 3]): 
PretrainedInit: load from https://download.openmmlab.com/mmsegmentation/v0.5/ddrnet/pretrain/ddrnet23-in1kpre_3rdparty-9ca29f62.pth 

backbone.down_2.1.bn.weight - torch.Size([512]): 
PretrainedInit: load from https://download.openmmlab.com/mmsegmentation/v0.5/ddrnet/pretrain/ddrnet23-in1kpre_3rdparty-9ca29f62.pth 

backbone.down_2.1.bn.bias - torch.Size([512]): 
PretrainedInit: load from https://download.openmmlab.com/mmsegmentation/v0.5/ddrnet/pretrain/ddrnet23-in1kpre_3rdparty-9ca29f62.pth 

backbone.spatial_branch_layers.0.0.conv1.conv.weight - torch.Size([128, 128, 3, 3]): 
PretrainedInit: load from https://download.openmmlab.com/mmsegmentation/v0.5/ddrnet/pretrain/ddrnet23-in1kpre_3rdparty-9ca29f62.pth 

backbone.spatial_branch_layers.0.0.conv1.bn.weight - torch.Size([128]): 
PretrainedInit: load from https://download.openmmlab.com/mmsegmentation/v0.5/ddrnet/pretrain/ddrnet23-in1kpre_3rdparty-9ca29f62.pth 

backbone.spatial_branch_layers.0.0.conv1.bn.bias - torch.Size([128]): 
PretrainedInit: load from https://download.openmmlab.com/mmsegmentation/v0.5/ddrnet/pretrain/ddrnet23-in1kpre_3rdparty-9ca29f62.pth 

backbone.spatial_branch_layers.0.0.conv2.conv.weight - torch.Size([128, 128, 3, 3]): 
PretrainedInit: load from https://download.openmmlab.com/mmsegmentation/v0.5/ddrnet/pretrain/ddrnet23-in1kpre_3rdparty-9ca29f62.pth 

backbone.spatial_branch_layers.0.0.conv2.bn.weight - torch.Size([128]): 
PretrainedInit: load from https://download.openmmlab.com/mmsegmentation/v0.5/ddrnet/pretrain/ddrnet23-in1kpre_3rdparty-9ca29f62.pth 

backbone.spatial_branch_layers.0.0.conv2.bn.bias - torch.Size([128]): 
PretrainedInit: load from https://download.openmmlab.com/mmsegmentation/v0.5/ddrnet/pretrain/ddrnet23-in1kpre_3rdparty-9ca29f62.pth 

backbone.spatial_branch_layers.0.1.conv1.conv.weight - torch.Size([128, 128, 3, 3]): 
PretrainedInit: load from https://download.openmmlab.com/mmsegmentation/v0.5/ddrnet/pretrain/ddrnet23-in1kpre_3rdparty-9ca29f62.pth 

backbone.spatial_branch_layers.0.1.conv1.bn.weight - torch.Size([128]): 
PretrainedInit: load from https://download.openmmlab.com/mmsegmentation/v0.5/ddrnet/pretrain/ddrnet23-in1kpre_3rdparty-9ca29f62.pth 

backbone.spatial_branch_layers.0.1.conv1.bn.bias - torch.Size([128]): 
PretrainedInit: load from https://download.openmmlab.com/mmsegmentation/v0.5/ddrnet/pretrain/ddrnet23-in1kpre_3rdparty-9ca29f62.pth 

backbone.spatial_branch_layers.0.1.conv2.conv.weight - torch.Size([128, 128, 3, 3]): 
PretrainedInit: load from https://download.openmmlab.com/mmsegmentation/v0.5/ddrnet/pretrain/ddrnet23-in1kpre_3rdparty-9ca29f62.pth 

backbone.spatial_branch_layers.0.1.conv2.bn.weight - torch.Size([128]): 
PretrainedInit: load from https://download.openmmlab.com/mmsegmentation/v0.5/ddrnet/pretrain/ddrnet23-in1kpre_3rdparty-9ca29f62.pth 

backbone.spatial_branch_layers.0.1.conv2.bn.bias - torch.Size([128]): 
PretrainedInit: load from https://download.openmmlab.com/mmsegmentation/v0.5/ddrnet/pretrain/ddrnet23-in1kpre_3rdparty-9ca29f62.pth 

backbone.spatial_branch_layers.1.0.conv1.conv.weight - torch.Size([128, 128, 3, 3]): 
PretrainedInit: load from https://download.openmmlab.com/mmsegmentation/v0.5/ddrnet/pretrain/ddrnet23-in1kpre_3rdparty-9ca29f62.pth 

backbone.spatial_branch_layers.1.0.conv1.bn.weight - torch.Size([128]): 
PretrainedInit: load from https://download.openmmlab.com/mmsegmentation/v0.5/ddrnet/pretrain/ddrnet23-in1kpre_3rdparty-9ca29f62.pth 

backbone.spatial_branch_layers.1.0.conv1.bn.bias - torch.Size([128]): 
PretrainedInit: load from https://download.openmmlab.com/mmsegmentation/v0.5/ddrnet/pretrain/ddrnet23-in1kpre_3rdparty-9ca29f62.pth 

backbone.spatial_branch_layers.1.0.conv2.conv.weight - torch.Size([128, 128, 3, 3]): 
PretrainedInit: load from https://download.openmmlab.com/mmsegmentation/v0.5/ddrnet/pretrain/ddrnet23-in1kpre_3rdparty-9ca29f62.pth 

backbone.spatial_branch_layers.1.0.conv2.bn.weight - torch.Size([128]): 
PretrainedInit: load from https://download.openmmlab.com/mmsegmentation/v0.5/ddrnet/pretrain/ddrnet23-in1kpre_3rdparty-9ca29f62.pth 

backbone.spatial_branch_layers.1.0.conv2.bn.bias - torch.Size([128]): 
PretrainedInit: load from https://download.openmmlab.com/mmsegmentation/v0.5/ddrnet/pretrain/ddrnet23-in1kpre_3rdparty-9ca29f62.pth 

backbone.spatial_branch_layers.1.1.conv1.conv.weight - torch.Size([128, 128, 3, 3]): 
PretrainedInit: load from https://download.openmmlab.com/mmsegmentation/v0.5/ddrnet/pretrain/ddrnet23-in1kpre_3rdparty-9ca29f62.pth 

backbone.spatial_branch_layers.1.1.conv1.bn.weight - torch.Size([128]): 
PretrainedInit: load from https://download.openmmlab.com/mmsegmentation/v0.5/ddrnet/pretrain/ddrnet23-in1kpre_3rdparty-9ca29f62.pth 

backbone.spatial_branch_layers.1.1.conv1.bn.bias - torch.Size([128]): 
PretrainedInit: load from https://download.openmmlab.com/mmsegmentation/v0.5/ddrnet/pretrain/ddrnet23-in1kpre_3rdparty-9ca29f62.pth 

backbone.spatial_branch_layers.1.1.conv2.conv.weight - torch.Size([128, 128, 3, 3]): 
PretrainedInit: load from https://download.openmmlab.com/mmsegmentation/v0.5/ddrnet/pretrain/ddrnet23-in1kpre_3rdparty-9ca29f62.pth 

backbone.spatial_branch_layers.1.1.conv2.bn.weight - torch.Size([128]): 
PretrainedInit: load from https://download.openmmlab.com/mmsegmentation/v0.5/ddrnet/pretrain/ddrnet23-in1kpre_3rdparty-9ca29f62.pth 

backbone.spatial_branch_layers.1.1.conv2.bn.bias - torch.Size([128]): 
PretrainedInit: load from https://download.openmmlab.com/mmsegmentation/v0.5/ddrnet/pretrain/ddrnet23-in1kpre_3rdparty-9ca29f62.pth 

backbone.spatial_branch_layers.2.0.conv1.conv.weight - torch.Size([128, 128, 1, 1]): 
PretrainedInit: load from https://download.openmmlab.com/mmsegmentation/v0.5/ddrnet/pretrain/ddrnet23-in1kpre_3rdparty-9ca29f62.pth 

backbone.spatial_branch_layers.2.0.conv1.bn.weight - torch.Size([128]): 
PretrainedInit: load from https://download.openmmlab.com/mmsegmentation/v0.5/ddrnet/pretrain/ddrnet23-in1kpre_3rdparty-9ca29f62.pth 

backbone.spatial_branch_layers.2.0.conv1.bn.bias - torch.Size([128]): 
PretrainedInit: load from https://download.openmmlab.com/mmsegmentation/v0.5/ddrnet/pretrain/ddrnet23-in1kpre_3rdparty-9ca29f62.pth 

backbone.spatial_branch_layers.2.0.conv2.conv.weight - torch.Size([128, 128, 3, 3]): 
PretrainedInit: load from https://download.openmmlab.com/mmsegmentation/v0.5/ddrnet/pretrain/ddrnet23-in1kpre_3rdparty-9ca29f62.pth 

backbone.spatial_branch_layers.2.0.conv2.bn.weight - torch.Size([128]): 
PretrainedInit: load from https://download.openmmlab.com/mmsegmentation/v0.5/ddrnet/pretrain/ddrnet23-in1kpre_3rdparty-9ca29f62.pth 

backbone.spatial_branch_layers.2.0.conv2.bn.bias - torch.Size([128]): 
PretrainedInit: load from https://download.openmmlab.com/mmsegmentation/v0.5/ddrnet/pretrain/ddrnet23-in1kpre_3rdparty-9ca29f62.pth 

backbone.spatial_branch_layers.2.0.conv3.conv.weight - torch.Size([256, 128, 1, 1]): 
PretrainedInit: load from https://download.openmmlab.com/mmsegmentation/v0.5/ddrnet/pretrain/ddrnet23-in1kpre_3rdparty-9ca29f62.pth 

backbone.spatial_branch_layers.2.0.conv3.bn.weight - torch.Size([256]): 
PretrainedInit: load from https://download.openmmlab.com/mmsegmentation/v0.5/ddrnet/pretrain/ddrnet23-in1kpre_3rdparty-9ca29f62.pth 

backbone.spatial_branch_layers.2.0.conv3.bn.bias - torch.Size([256]): 
PretrainedInit: load from https://download.openmmlab.com/mmsegmentation/v0.5/ddrnet/pretrain/ddrnet23-in1kpre_3rdparty-9ca29f62.pth 

backbone.spatial_branch_layers.2.0.downsample.0.weight - torch.Size([256, 128, 1, 1]): 
PretrainedInit: load from https://download.openmmlab.com/mmsegmentation/v0.5/ddrnet/pretrain/ddrnet23-in1kpre_3rdparty-9ca29f62.pth 

backbone.spatial_branch_layers.2.0.downsample.1.weight - torch.Size([256]): 
PretrainedInit: load from https://download.openmmlab.com/mmsegmentation/v0.5/ddrnet/pretrain/ddrnet23-in1kpre_3rdparty-9ca29f62.pth 

backbone.spatial_branch_layers.2.0.downsample.1.bias - torch.Size([256]): 
PretrainedInit: load from https://download.openmmlab.com/mmsegmentation/v0.5/ddrnet/pretrain/ddrnet23-in1kpre_3rdparty-9ca29f62.pth 

backbone.spp.scales.0.conv.weight - torch.Size([128, 1024, 1, 1]): 
Initialized by user-defined `init_weights` in ConvModule  

backbone.spp.scales.0.bn.weight - torch.Size([1024]): 
The value is the same before and after calling `init_weights` of EncoderDecoder  

backbone.spp.scales.0.bn.bias - torch.Size([1024]): 
The value is the same before and after calling `init_weights` of EncoderDecoder  

backbone.spp.scales.1.1.conv.weight - torch.Size([128, 1024, 1, 1]): 
Initialized by user-defined `init_weights` in ConvModule  

backbone.spp.scales.1.1.bn.weight - torch.Size([1024]): 
The value is the same before and after calling `init_weights` of EncoderDecoder  

backbone.spp.scales.1.1.bn.bias - torch.Size([1024]): 
The value is the same before and after calling `init_weights` of EncoderDecoder  

backbone.spp.scales.2.1.conv.weight - torch.Size([128, 1024, 1, 1]): 
Initialized by user-defined `init_weights` in ConvModule  

backbone.spp.scales.2.1.bn.weight - torch.Size([1024]): 
The value is the same before and after calling `init_weights` of EncoderDecoder  

backbone.spp.scales.2.1.bn.bias - torch.Size([1024]): 
The value is the same before and after calling `init_weights` of EncoderDecoder  

backbone.spp.scales.3.1.conv.weight - torch.Size([128, 1024, 1, 1]): 
Initialized by user-defined `init_weights` in ConvModule  

backbone.spp.scales.3.1.bn.weight - torch.Size([1024]): 
The value is the same before and after calling `init_weights` of EncoderDecoder  

backbone.spp.scales.3.1.bn.bias - torch.Size([1024]): 
The value is the same before and after calling `init_weights` of EncoderDecoder  

backbone.spp.scales.4.1.conv.weight - torch.Size([128, 1024, 1, 1]): 
Initialized by user-defined `init_weights` in ConvModule  

backbone.spp.scales.4.1.bn.weight - torch.Size([1024]): 
The value is the same before and after calling `init_weights` of EncoderDecoder  

backbone.spp.scales.4.1.bn.bias - torch.Size([1024]): 
The value is the same before and after calling `init_weights` of EncoderDecoder  

backbone.spp.processes.0.conv.weight - torch.Size([128, 128, 3, 3]): 
Initialized by user-defined `init_weights` in ConvModule  

backbone.spp.processes.0.bn.weight - torch.Size([128]): 
The value is the same before and after calling `init_weights` of EncoderDecoder  

backbone.spp.processes.0.bn.bias - torch.Size([128]): 
The value is the same before and after calling `init_weights` of EncoderDecoder  

backbone.spp.processes.1.conv.weight - torch.Size([128, 128, 3, 3]): 
Initialized by user-defined `init_weights` in ConvModule  

backbone.spp.processes.1.bn.weight - torch.Size([128]): 
The value is the same before and after calling `init_weights` of EncoderDecoder  

backbone.spp.processes.1.bn.bias - torch.Size([128]): 
The value is the same before and after calling `init_weights` of EncoderDecoder  

backbone.spp.processes.2.conv.weight - torch.Size([128, 128, 3, 3]): 
Initialized by user-defined `init_weights` in ConvModule  

backbone.spp.processes.2.bn.weight - torch.Size([128]): 
The value is the same before and after calling `init_weights` of EncoderDecoder  

backbone.spp.processes.2.bn.bias - torch.Size([128]): 
The value is the same before and after calling `init_weights` of EncoderDecoder  

backbone.spp.processes.3.conv.weight - torch.Size([128, 128, 3, 3]): 
Initialized by user-defined `init_weights` in ConvModule  

backbone.spp.processes.3.bn.weight - torch.Size([128]): 
The value is the same before and after calling `init_weights` of EncoderDecoder  

backbone.spp.processes.3.bn.bias - torch.Size([128]): 
The value is the same before and after calling `init_weights` of EncoderDecoder  

backbone.spp.compression.conv.weight - torch.Size([256, 640, 1, 1]): 
Initialized by user-defined `init_weights` in ConvModule  

backbone.spp.compression.bn.weight - torch.Size([640]): 
The value is the same before and after calling `init_weights` of EncoderDecoder  

backbone.spp.compression.bn.bias - torch.Size([640]): 
The value is the same before and after calling `init_weights` of EncoderDecoder  

backbone.spp.shortcut.conv.weight - torch.Size([256, 1024, 1, 1]): 
Initialized by user-defined `init_weights` in ConvModule  

backbone.spp.shortcut.bn.weight - torch.Size([1024]): 
The value is the same before and after calling `init_weights` of EncoderDecoder  

backbone.spp.shortcut.bn.bias - torch.Size([1024]): 
The value is the same before and after calling `init_weights` of EncoderDecoder  

decode_head.conv_seg.weight - torch.Size([3, 128, 1, 1]): 
Initialized by user-defined `init_weights` in DDRHead  

decode_head.conv_seg.bias - torch.Size([3]): 
The value is the same before and after calling `init_weights` of EncoderDecoder  

decode_head.head.0.conv.weight - torch.Size([128, 256, 3, 3]): 
Initialized by user-defined `init_weights` in DDRHead  

decode_head.head.0.bn.weight - torch.Size([256]): 
The value is the same before and after calling `init_weights` of EncoderDecoder  

decode_head.head.0.bn.bias - torch.Size([256]): 
The value is the same before and after calling `init_weights` of EncoderDecoder  

decode_head.head.1.weight - torch.Size([128]): 
The value is the same before and after calling `init_weights` of EncoderDecoder  

decode_head.head.1.bias - torch.Size([128]): 
The value is the same before and after calling `init_weights` of EncoderDecoder  

decode_head.aux_head.0.conv.weight - torch.Size([128, 128, 3, 3]): 
Initialized by user-defined `init_weights` in DDRHead  

decode_head.aux_head.0.bn.weight - torch.Size([128]): 
The value is the same before and after calling `init_weights` of EncoderDecoder  

decode_head.aux_head.0.bn.bias - torch.Size([128]): 
The value is the same before and after calling `init_weights` of EncoderDecoder  

decode_head.aux_head.1.weight - torch.Size([128]): 
The value is the same before and after calling `init_weights` of EncoderDecoder  

decode_head.aux_head.1.bias - torch.Size([128]): 
The value is the same before and after calling `init_weights` of EncoderDecoder  

decode_head.aux_cls_seg.weight - torch.Size([3, 128, 1, 1]): 
Initialized by user-defined `init_weights` in DDRHead  

decode_head.aux_cls_seg.bias - torch.Size([3]): 
The value is the same before and after calling `init_weights` of EncoderDecoder  
2024/02/05 01:35:20 - mmengine - WARNING - "FileClient" will be deprecated in future. Please use io functions in https://mmengine.readthedocs.io/en/latest/api/fileio.html#file-io
2024/02/05 01:35:20 - mmengine - WARNING - "HardDiskBackend" is the alias of "LocalBackend" and the former will be deprecated in future.
2024/02/05 01:35:20 - mmengine - INFO - Checkpoints will be saved to /scratch/users/vgaspar/work_dir/split_models/ddrnet/ddrnet_23_in1k-pre_2xb6-120k_cityscapes-1024x1024.py.
2024/02/05 01:37:15 - mmengine - INFO - Iter(train) [   50/40000]  lr: 9.9890e-03  eta: 1 day, 1:19:30  time: 1.7911  data_time: 1.2697  memory: 21553  loss: 1.1391  decode.loss_context: 0.5724  decode.loss_spatial: 0.5667  decode.acc_seg: 94.1862
