/home/vgaspar/anaconda3/envs/mmseg2/lib/python3.11/site-packages/mmengine/utils/dl_utils/setup_env.py:46: UserWarning: Setting OMP_NUM_THREADS environment variable for each process to be 1 in default, to avoid your system being overloaded, please further tune the variable for optimal performance in your application as needed.
  warnings.warn(
/home/vgaspar/anaconda3/envs/mmseg2/lib/python3.11/site-packages/mmengine/utils/dl_utils/setup_env.py:56: UserWarning: Setting MKL_NUM_THREADS environment variable for each process to be 1 in default, to avoid your system being overloaded, please further tune the variable for optimal performance in your application as needed.
  warnings.warn(
[W socket.cpp:464] [c10d] The server socket has failed to bind to [::]:29500 (errno: 98 - Address already in use).
[W socket.cpp:464] [c10d] The server socket has failed to bind to 0.0.0.0:29500 (errno: 98 - Address already in use).
[E socket.cpp:500] [c10d] The server socket has failed to listen on any local network address.
Traceback (most recent call last):
  File "/scratch/users/vgaspar/train.py", line 198, in <module>
    main()
  File "/scratch/users/vgaspar/train.py", line 187, in main
    runner = Runner.from_cfg(cfg)
             ^^^^^^^^^^^^^^^^^^^^
  File "/home/vgaspar/anaconda3/envs/mmseg2/lib/python3.11/site-packages/mmengine/runner/runner.py", line 462, in from_cfg
    runner = cls(
             ^^^^
  File "/home/vgaspar/anaconda3/envs/mmseg2/lib/python3.11/site-packages/mmengine/runner/runner.py", line 372, in __init__
    self.setup_env(env_cfg)
  File "/home/vgaspar/anaconda3/envs/mmseg2/lib/python3.11/site-packages/mmengine/runner/runner.py", line 675, in setup_env
    init_dist(self.launcher, **dist_cfg)
  File "/home/vgaspar/anaconda3/envs/mmseg2/lib/python3.11/site-packages/mmengine/dist/utils.py", line 89, in init_dist
    _init_dist_slurm(backend, init_backend=init_backend, **kwargs)
  File "/home/vgaspar/anaconda3/envs/mmseg2/lib/python3.11/site-packages/mmengine/dist/utils.py", line 224, in _init_dist_slurm
    torch_dist.init_process_group(backend=backend, **kwargs)
  File "/home/vgaspar/anaconda3/envs/mmseg2/lib/python3.11/site-packages/torch/distributed/c10d_logger.py", line 86, in wrapper
    func_return = func(*args, **kwargs)
                  ^^^^^^^^^^^^^^^^^^^^^
  File "/home/vgaspar/anaconda3/envs/mmseg2/lib/python3.11/site-packages/torch/distributed/distributed_c10d.py", line 1177, in init_process_group
    store, rank, world_size = next(rendezvous_iterator)
                              ^^^^^^^^^^^^^^^^^^^^^^^^^
  File "/home/vgaspar/anaconda3/envs/mmseg2/lib/python3.11/site-packages/torch/distributed/rendezvous.py", line 246, in _env_rendezvous_handler
    store = _create_c10d_store(master_addr, master_port, rank, world_size, timeout, use_libuv)
            ^^^^^^^^^^^^^^^^^^^^^^^^^^^^^^^^^^^^^^^^^^^^^^^^^^^^^^^^^^^^^^^^^^^^^^^^^^^^^^^^^^
  File "/home/vgaspar/anaconda3/envs/mmseg2/lib/python3.11/site-packages/torch/distributed/rendezvous.py", line 174, in _create_c10d_store
    return TCPStore(
           ^^^^^^^^^
torch.distributed.DistNetworkError: The server socket has failed to listen on any local network address. The server socket has failed to bind to [::]:29500 (errno: 98 - Address already in use). The server socket has failed to bind to 0.0.0.0:29500 (errno: 98 - Address already in use).
srun: error: compute-05: task 0: Exited with exit code 1
