2024/07/28 14:42:17 - mmengine - INFO - 
------------------------------------------------------------
System environment:
    sys.platform: linux
    Python: 3.11.7 (main, Dec 15 2023, 18:12:31) [GCC 11.2.0]
    CUDA available: True
    MUSA available: False
    numpy_random_seed: 339162803
    GPU 0: Tesla V100-SXM2-32GB
    CUDA_HOME: None
    GCC: gcc (GCC) 8.3.1 20191121 (Red Hat 8.3.1-5)
    PyTorch: 2.1.2
    PyTorch compiling details: PyTorch built with:
  - GCC 9.3
  - C++ Version: 201703
  - Intel(R) oneAPI Math Kernel Library Version 2023.1-Product Build 20230303 for Intel(R) 64 architecture applications
  - Intel(R) MKL-DNN v3.1.1 (Git Hash 64f6bcbcbab628e96f33a62c3e975f8535a7bde4)
  - OpenMP 201511 (a.k.a. OpenMP 4.5)
  - LAPACK is enabled (usually provided by MKL)
  - NNPACK is enabled
  - CPU capability usage: AVX512
  - CUDA Runtime 11.8
  - NVCC architecture flags: -gencode;arch=compute_50,code=sm_50;-gencode;arch=compute_60,code=sm_60;-gencode;arch=compute_61,code=sm_61;-gencode;arch=compute_70,code=sm_70;-gencode;arch=compute_75,code=sm_75;-gencode;arch=compute_80,code=sm_80;-gencode;arch=compute_86,code=sm_86;-gencode;arch=compute_37,code=sm_37;-gencode;arch=compute_90,code=sm_90;-gencode;arch=compute_37,code=compute_37
  - CuDNN 8.7
  - Magma 2.6.1
  - Build settings: BLAS_INFO=mkl, BUILD_TYPE=Release, CUDA_VERSION=11.8, CUDNN_VERSION=8.7.0, CXX_COMPILER=/opt/rh/devtoolset-9/root/usr/bin/c++, CXX_FLAGS= -D_GLIBCXX_USE_CXX11_ABI=0 -fabi-version=11 -fvisibility-inlines-hidden -DUSE_PTHREADPOOL -DNDEBUG -DUSE_KINETO -DLIBKINETO_NOROCTRACER -DUSE_FBGEMM -DUSE_QNNPACK -DUSE_PYTORCH_QNNPACK -DUSE_XNNPACK -DSYMBOLICATE_MOBILE_DEBUG_HANDLE -O2 -fPIC -Wall -Wextra -Werror=return-type -Werror=non-virtual-dtor -Werror=bool-operation -Wnarrowing -Wno-missing-field-initializers -Wno-type-limits -Wno-array-bounds -Wno-unknown-pragmas -Wno-unused-parameter -Wno-unused-function -Wno-unused-result -Wno-strict-overflow -Wno-strict-aliasing -Wno-stringop-overflow -Wno-psabi -Wno-error=pedantic -Wno-error=old-style-cast -Wno-invalid-partial-specialization -Wno-unused-private-field -Wno-aligned-allocation-unavailable -Wno-missing-braces -fdiagnostics-color=always -faligned-new -Wno-unused-but-set-variable -Wno-maybe-uninitialized -fno-math-errno -fno-trapping-math -Werror=format -Werror=cast-function-type -Wno-stringop-overflow, LAPACK_INFO=mkl, PERF_WITH_AVX=1, PERF_WITH_AVX2=1, PERF_WITH_AVX512=1, TORCH_DISABLE_GPU_ASSERTS=ON, TORCH_VERSION=2.1.2, USE_CUDA=ON, USE_CUDNN=ON, USE_EXCEPTION_PTR=1, USE_GFLAGS=OFF, USE_GLOG=OFF, USE_MKL=ON, USE_MKLDNN=ON, USE_MPI=OFF, USE_NCCL=ON, USE_NNPACK=ON, USE_OPENMP=ON, USE_ROCM=OFF, 

    TorchVision: 0.16.2
    OpenCV: 4.10.0
    MMEngine: 0.10.3

Runtime environment:
    cudnn_benchmark: True
    dist_cfg: {'backend': 'nccl'}
    mp_cfg: {'mp_start_method': 'fork', 'opencv_num_threads': 0}
    seed: 339162803
    Distributed launcher: none
    Distributed training: False
    GPU number: 1
------------------------------------------------------------

2024/07/28 14:42:18 - mmengine - INFO - Config:
ann_dir = 'Labels'
auto_scale_lr = dict(base_batch_size=2, enable=False)
backbone_embed_multi = dict(decay_mult=0.0, lr_mult=0.1)
backbone_norm_multi = dict(decay_mult=0.0, lr_mult=0.1)
crop_size = (
    1080,
    1920,
)
custom_keys = dict({
    'absolute_pos_embed':
    dict(decay_mult=0.0, lr_mult=0.1),
    'backbone':
    dict(decay_mult=1.0, lr_mult=0.1),
    'backbone.norm':
    dict(decay_mult=0.0, lr_mult=0.1),
    'backbone.patch_embed.norm':
    dict(decay_mult=0.0, lr_mult=0.1),
    'backbone.stages.0.blocks.0.norm':
    dict(decay_mult=0.0, lr_mult=0.1),
    'backbone.stages.0.blocks.1.norm':
    dict(decay_mult=0.0, lr_mult=0.1),
    'backbone.stages.0.downsample.norm':
    dict(decay_mult=0.0, lr_mult=0.1),
    'backbone.stages.1.blocks.0.norm':
    dict(decay_mult=0.0, lr_mult=0.1),
    'backbone.stages.1.blocks.1.norm':
    dict(decay_mult=0.0, lr_mult=0.1),
    'backbone.stages.1.downsample.norm':
    dict(decay_mult=0.0, lr_mult=0.1),
    'backbone.stages.2.blocks.0.norm':
    dict(decay_mult=0.0, lr_mult=0.1),
    'backbone.stages.2.blocks.1.norm':
    dict(decay_mult=0.0, lr_mult=0.1),
    'backbone.stages.2.blocks.10.norm':
    dict(decay_mult=0.0, lr_mult=0.1),
    'backbone.stages.2.blocks.11.norm':
    dict(decay_mult=0.0, lr_mult=0.1),
    'backbone.stages.2.blocks.12.norm':
    dict(decay_mult=0.0, lr_mult=0.1),
    'backbone.stages.2.blocks.13.norm':
    dict(decay_mult=0.0, lr_mult=0.1),
    'backbone.stages.2.blocks.14.norm':
    dict(decay_mult=0.0, lr_mult=0.1),
    'backbone.stages.2.blocks.15.norm':
    dict(decay_mult=0.0, lr_mult=0.1),
    'backbone.stages.2.blocks.16.norm':
    dict(decay_mult=0.0, lr_mult=0.1),
    'backbone.stages.2.blocks.17.norm':
    dict(decay_mult=0.0, lr_mult=0.1),
    'backbone.stages.2.blocks.2.norm':
    dict(decay_mult=0.0, lr_mult=0.1),
    'backbone.stages.2.blocks.3.norm':
    dict(decay_mult=0.0, lr_mult=0.1),
    'backbone.stages.2.blocks.4.norm':
    dict(decay_mult=0.0, lr_mult=0.1),
    'backbone.stages.2.blocks.5.norm':
    dict(decay_mult=0.0, lr_mult=0.1),
    'backbone.stages.2.blocks.6.norm':
    dict(decay_mult=0.0, lr_mult=0.1),
    'backbone.stages.2.blocks.7.norm':
    dict(decay_mult=0.0, lr_mult=0.1),
    'backbone.stages.2.blocks.8.norm':
    dict(decay_mult=0.0, lr_mult=0.1),
    'backbone.stages.2.blocks.9.norm':
    dict(decay_mult=0.0, lr_mult=0.1),
    'backbone.stages.2.downsample.norm':
    dict(decay_mult=0.0, lr_mult=0.1),
    'backbone.stages.3.blocks.0.norm':
    dict(decay_mult=0.0, lr_mult=0.1),
    'backbone.stages.3.blocks.1.norm':
    dict(decay_mult=0.0, lr_mult=0.1),
    'level_embed':
    dict(decay_mult=0.0, lr_mult=1.0),
    'query_embed':
    dict(decay_mult=0.0, lr_mult=1.0),
    'query_feat':
    dict(decay_mult=0.0, lr_mult=1.0),
    'relative_position_bias_table':
    dict(decay_mult=0.0, lr_mult=0.1)
})
data_preprocessor = dict(
    bgr_to_rgb=True,
    mean=[
        123.675,
        116.28,
        103.53,
    ],
    pad_val=0,
    seg_pad_val=255,
    size=(
        1080,
        1920,
    ),
    std=[
        58.395,
        57.12,
        57.375,
    ],
    test_cfg=dict(size_divisor=32),
    type='SegDataPreProcessor')
data_root = '../Dataset'
dataset_type = 'SoccerNet'
default_hooks = dict(
    checkpoint=dict(
        by_epoch=False,
        interval=10935,
        max_keep_ckpts=2,
        save_best='mIoU',
        type='CheckpointHook'),
    logger=dict(interval=15, log_metric_by_epoch=False, type='LoggerHook'),
    param_scheduler=dict(type='ParamSchedulerHook'),
    sampler_seed=dict(type='DistSamplerSeedHook'),
    timer=dict(type='IterTimerHook'),
    visualization=dict(draw=True, interval=100, type='SegVisualizationHook'))
default_scope = 'mmseg'
depths = [
    2,
    2,
    18,
    2,
]
embed_multi = dict(decay_mult=0.0, lr_mult=1.0)
env_cfg = dict(
    cudnn_benchmark=True,
    dist_cfg=dict(backend='nccl'),
    mp_cfg=dict(mp_start_method='fork', opencv_num_threads=0))
img_dir = 'Images'
img_ratios = [
    0.5,
    0.75,
    1.0,
    1.25,
    1.5,
    1.75,
    2.0,
]
iters = 10935
launcher = 'none'
load_from = 'work_dirs/challenge_mask2former_swin-l-in22k-384x384-pre_8xb2-90k_cityscapes-512x1024/20240728_100106/best_mIoU_iter_10935.pth'
log_level = 'INFO'
log_processor = dict(by_epoch=False)
model = dict(
    module=dict(
        backbone=dict(
            attn_drop_rate=0.0,
            depths=[
                2,
                2,
                18,
                2,
            ],
            drop_path_rate=0.3,
            drop_rate=0.0,
            embed_dims=192,
            frozen_stages=-1,
            init_cfg=dict(
                checkpoint=
                'https://download.openmmlab.com/mmsegmentation/v0.5/pretrain/swin/swin_large_patch4_window12_384_22k_20220412-6580f57d.pth',
                type='Pretrained'),
            mlp_ratio=4,
            num_heads=[
                6,
                12,
                24,
                48,
            ],
            out_indices=(
                0,
                1,
                2,
                3,
            ),
            patch_norm=True,
            pretrain_img_size=384,
            qk_scale=None,
            qkv_bias=True,
            type='SwinTransformer',
            window_size=12,
            with_cp=False),
        data_preprocessor=dict(
            bgr_to_rgb=True,
            mean=[
                123.675,
                116.28,
                103.53,
            ],
            pad_val=0,
            seg_pad_val=255,
            size=(
                1080,
                1920,
            ),
            std=[
                58.395,
                57.12,
                57.375,
            ],
            test_cfg=dict(size_divisor=32),
            type='SegDataPreProcessor'),
        decode_head=dict(
            align_corners=False,
            enforce_decoder_input_project=False,
            feat_channels=256,
            in_channels=[
                192,
                384,
                768,
                1536,
            ],
            loss_cls=dict(
                class_weight=[
                    1.0,
                    1.0,
                    1.0,
                    1.0,
                    0.1,
                ],
                loss_weight=2.0,
                reduction='mean',
                type='mmdet.CrossEntropyLoss',
                use_sigmoid=False),
            loss_dice=dict(
                activate=True,
                eps=1.0,
                loss_weight=5.0,
                naive_dice=True,
                reduction='mean',
                type='mmdet.DiceLoss',
                use_sigmoid=True),
            loss_mask=dict(
                loss_weight=5.0,
                reduction='mean',
                type='mmdet.CrossEntropyLoss',
                use_sigmoid=True),
            num_classes=4,
            num_queries=100,
            num_transformer_feat_level=3,
            out_channels=256,
            pixel_decoder=dict(
                act_cfg=dict(type='ReLU'),
                encoder=dict(
                    init_cfg=None,
                    layer_cfg=dict(
                        ffn_cfg=dict(
                            act_cfg=dict(inplace=True, type='ReLU'),
                            embed_dims=256,
                            feedforward_channels=1024,
                            ffn_drop=0.0,
                            num_fcs=2),
                        self_attn_cfg=dict(
                            batch_first=True,
                            dropout=0.0,
                            embed_dims=256,
                            im2col_step=64,
                            init_cfg=None,
                            norm_cfg=None,
                            num_heads=8,
                            num_levels=3,
                            num_points=4)),
                    num_layers=6),
                init_cfg=None,
                norm_cfg=dict(num_groups=32, type='GN'),
                num_outs=3,
                positional_encoding=dict(normalize=True, num_feats=128),
                type='mmdet.MSDeformAttnPixelDecoder'),
            positional_encoding=dict(normalize=True, num_feats=128),
            strides=[
                4,
                8,
                16,
                32,
            ],
            train_cfg=dict(
                assigner=dict(
                    match_costs=[
                        dict(type='mmdet.ClassificationCost', weight=2.0),
                        dict(
                            type='mmdet.CrossEntropyLossCost',
                            use_sigmoid=True,
                            weight=5.0),
                        dict(
                            eps=1.0,
                            pred_act=True,
                            type='mmdet.DiceCost',
                            weight=5.0),
                    ],
                    type='mmdet.HungarianAssigner'),
                importance_sample_ratio=0.75,
                num_points=12544,
                oversample_ratio=3.0,
                sampler=dict(type='mmdet.MaskPseudoSampler')),
            transformer_decoder=dict(
                init_cfg=None,
                layer_cfg=dict(
                    cross_attn_cfg=dict(
                        attn_drop=0.0,
                        batch_first=True,
                        dropout_layer=None,
                        embed_dims=256,
                        num_heads=8,
                        proj_drop=0.0),
                    ffn_cfg=dict(
                        act_cfg=dict(inplace=True, type='ReLU'),
                        add_identity=True,
                        dropout_layer=None,
                        embed_dims=256,
                        feedforward_channels=2048,
                        ffn_drop=0.0,
                        num_fcs=2),
                    self_attn_cfg=dict(
                        attn_drop=0.0,
                        batch_first=True,
                        dropout_layer=None,
                        embed_dims=256,
                        num_heads=8,
                        proj_drop=0.0)),
                num_layers=9,
                return_intermediate=True),
            type='Mask2FormerHead'),
        test_cfg=dict(mode='whole'),
        train_cfg=dict(),
        type='EncoderDecoder'),
    type='SegTTAModel')
num_classes = 4
optim_wrapper = dict(
    accumulative_counts=2,
    clip_grad=dict(max_norm=0.01, norm_type=2),
    optimizer=dict(
        betas=(
            0.9,
            0.999,
        ),
        eps=1e-08,
        lr=0.0001,
        type='AdamW',
        weight_decay=0.05),
    paramwise_cfg=dict(
        custom_keys=dict({
            'absolute_pos_embed':
            dict(decay_mult=0.0, lr_mult=0.1),
            'backbone':
            dict(decay_mult=1.0, lr_mult=0.1),
            'backbone.norm':
            dict(decay_mult=0.0, lr_mult=0.1),
            'backbone.patch_embed.norm':
            dict(decay_mult=0.0, lr_mult=0.1),
            'backbone.stages.0.blocks.0.norm':
            dict(decay_mult=0.0, lr_mult=0.1),
            'backbone.stages.0.blocks.1.norm':
            dict(decay_mult=0.0, lr_mult=0.1),
            'backbone.stages.0.downsample.norm':
            dict(decay_mult=0.0, lr_mult=0.1),
            'backbone.stages.1.blocks.0.norm':
            dict(decay_mult=0.0, lr_mult=0.1),
            'backbone.stages.1.blocks.1.norm':
            dict(decay_mult=0.0, lr_mult=0.1),
            'backbone.stages.1.downsample.norm':
            dict(decay_mult=0.0, lr_mult=0.1),
            'backbone.stages.2.blocks.0.norm':
            dict(decay_mult=0.0, lr_mult=0.1),
            'backbone.stages.2.blocks.1.norm':
            dict(decay_mult=0.0, lr_mult=0.1),
            'backbone.stages.2.blocks.10.norm':
            dict(decay_mult=0.0, lr_mult=0.1),
            'backbone.stages.2.blocks.11.norm':
            dict(decay_mult=0.0, lr_mult=0.1),
            'backbone.stages.2.blocks.12.norm':
            dict(decay_mult=0.0, lr_mult=0.1),
            'backbone.stages.2.blocks.13.norm':
            dict(decay_mult=0.0, lr_mult=0.1),
            'backbone.stages.2.blocks.14.norm':
            dict(decay_mult=0.0, lr_mult=0.1),
            'backbone.stages.2.blocks.15.norm':
            dict(decay_mult=0.0, lr_mult=0.1),
            'backbone.stages.2.blocks.16.norm':
            dict(decay_mult=0.0, lr_mult=0.1),
            'backbone.stages.2.blocks.17.norm':
            dict(decay_mult=0.0, lr_mult=0.1),
            'backbone.stages.2.blocks.2.norm':
            dict(decay_mult=0.0, lr_mult=0.1),
            'backbone.stages.2.blocks.3.norm':
            dict(decay_mult=0.0, lr_mult=0.1),
            'backbone.stages.2.blocks.4.norm':
            dict(decay_mult=0.0, lr_mult=0.1),
            'backbone.stages.2.blocks.5.norm':
            dict(decay_mult=0.0, lr_mult=0.1),
            'backbone.stages.2.blocks.6.norm':
            dict(decay_mult=0.0, lr_mult=0.1),
            'backbone.stages.2.blocks.7.norm':
            dict(decay_mult=0.0, lr_mult=0.1),
            'backbone.stages.2.blocks.8.norm':
            dict(decay_mult=0.0, lr_mult=0.1),
            'backbone.stages.2.blocks.9.norm':
            dict(decay_mult=0.0, lr_mult=0.1),
            'backbone.stages.2.downsample.norm':
            dict(decay_mult=0.0, lr_mult=0.1),
            'backbone.stages.3.blocks.0.norm':
            dict(decay_mult=0.0, lr_mult=0.1),
            'backbone.stages.3.blocks.1.norm':
            dict(decay_mult=0.0, lr_mult=0.1),
            'level_embed':
            dict(decay_mult=0.0, lr_mult=1.0),
            'query_embed':
            dict(decay_mult=0.0, lr_mult=1.0),
            'query_feat':
            dict(decay_mult=0.0, lr_mult=1.0),
            'relative_position_bias_table':
            dict(decay_mult=0.0, lr_mult=0.1)
        }),
        norm_decay_mult=0.0),
    type='OptimWrapper')
optimizer = dict(
    betas=(
        0.9,
        0.999,
    ),
    eps=1e-08,
    lr=0.0001,
    type='AdamW',
    weight_decay=0.05)
param_scheduler = [
    dict(
        begin=0,
        by_epoch=False,
        end=10935,
        eta_min=0,
        power=0.9,
        type='PolyLR'),
]
pretrained = 'https://download.openmmlab.com/mmsegmentation/v0.5/pretrain/swin/swin_large_patch4_window12_384_22k_20220412-6580f57d.pth'
resume = False
scale = (
    1920,
    1080,
)
test_cfg = dict(type='TestLoop')
test_dataloader = dict(
    batch_size=1,
    dataset=dict(
        ann_file='splits/challenge.txt',
        data_prefix=dict(img_path='Images', seg_map_path='Labels'),
        data_root='../Dataset',
        pipeline=[
            dict(backend_args=None, type='LoadImageFromFile'),
            dict(
                transforms=[
                    [
                        dict(keep_ratio=True, scale_factor=0.5, type='Resize'),
                        dict(
                            keep_ratio=True, scale_factor=0.75, type='Resize'),
                        dict(keep_ratio=True, scale_factor=1.0, type='Resize'),
                        dict(
                            keep_ratio=True, scale_factor=1.25, type='Resize'),
                        dict(keep_ratio=True, scale_factor=1.5, type='Resize'),
                        dict(
                            keep_ratio=True, scale_factor=1.75, type='Resize'),
                        dict(keep_ratio=True, scale_factor=2.0, type='Resize'),
                    ],
                    [
                        dict(
                            direction='horizontal',
                            prob=0.0,
                            type='RandomFlip'),
                        dict(
                            direction='horizontal',
                            prob=1.0,
                            type='RandomFlip'),
                    ],
                    [
                        dict(type='LoadAnnotations'),
                    ],
                    [
                        dict(type='PackSegInputs'),
                    ],
                ],
                type='TestTimeAug'),
        ],
        type='SoccerNet'),
    num_workers=1,
    persistent_workers=True,
    sampler=dict(shuffle=False, type='DefaultSampler'))
test_evaluator = dict(
    iou_metrics=[
        'mIoU',
    ],
    keep_results=True,
    output_dir='inferences/challenge_mask2former/tta',
    type='IoUMetric')
train_cfg = dict(
    max_iters=10935, type='IterBasedTrainLoop', val_interval=10935)
train_dataloader = dict(
    batch_size=1,
    dataset=dict(
        ann_file='splits/challengeTrain.txt',
        data_prefix=dict(img_path='Images', seg_map_path='Labels'),
        data_root='../Dataset',
        pipeline=[
            dict(type='LoadImageFromFile'),
            dict(type='LoadAnnotations'),
            dict(
                keep_ratio=True,
                ratio_range=(
                    0.5,
                    2.0,
                ),
                scale=(
                    1920,
                    1080,
                ),
                type='RandomResize'),
            dict(
                cat_max_ratio=0.75,
                crop_size=(
                    1080,
                    1920,
                ),
                type='RandomCrop'),
            dict(prob=0.5, type='RandomFlip'),
            dict(type='PackSegInputs'),
        ],
        type='SoccerNet'),
    num_workers=2,
    persistent_workers=True,
    sampler=dict(shuffle=True, type='InfiniteSampler'))
train_pipeline = [
    dict(type='LoadImageFromFile'),
    dict(type='LoadAnnotations'),
    dict(
        keep_ratio=True,
        ratio_range=(
            0.5,
            2.0,
        ),
        scale=(
            1920,
            1080,
        ),
        type='RandomResize'),
    dict(cat_max_ratio=0.75, crop_size=(
        1080,
        1920,
    ), type='RandomCrop'),
    dict(prob=0.5, type='RandomFlip'),
    dict(type='PackSegInputs'),
]
tta_model = dict(
    module=dict(
        backbone=dict(
            attn_drop_rate=0.0,
            depths=[
                2,
                2,
                18,
                2,
            ],
            drop_path_rate=0.3,
            drop_rate=0.0,
            embed_dims=192,
            frozen_stages=-1,
            init_cfg=dict(
                checkpoint=
                'https://download.openmmlab.com/mmsegmentation/v0.5/pretrain/swin/swin_large_patch4_window12_384_22k_20220412-6580f57d.pth',
                type='Pretrained'),
            mlp_ratio=4,
            num_heads=[
                6,
                12,
                24,
                48,
            ],
            out_indices=(
                0,
                1,
                2,
                3,
            ),
            patch_norm=True,
            pretrain_img_size=384,
            qk_scale=None,
            qkv_bias=True,
            type='SwinTransformer',
            window_size=12,
            with_cp=False),
        data_preprocessor=dict(
            bgr_to_rgb=True,
            mean=[
                123.675,
                116.28,
                103.53,
            ],
            pad_val=0,
            seg_pad_val=255,
            size=(
                1080,
                1920,
            ),
            std=[
                58.395,
                57.12,
                57.375,
            ],
            test_cfg=dict(size_divisor=32),
            type='SegDataPreProcessor'),
        decode_head=dict(
            align_corners=False,
            enforce_decoder_input_project=False,
            feat_channels=256,
            in_channels=[
                192,
                384,
                768,
                1536,
            ],
            loss_cls=dict(
                class_weight=[
                    1.0,
                    1.0,
                    1.0,
                    1.0,
                    0.1,
                ],
                loss_weight=2.0,
                reduction='mean',
                type='mmdet.CrossEntropyLoss',
                use_sigmoid=False),
            loss_dice=dict(
                activate=True,
                eps=1.0,
                loss_weight=5.0,
                naive_dice=True,
                reduction='mean',
                type='mmdet.DiceLoss',
                use_sigmoid=True),
            loss_mask=dict(
                loss_weight=5.0,
                reduction='mean',
                type='mmdet.CrossEntropyLoss',
                use_sigmoid=True),
            num_classes=4,
            num_queries=100,
            num_transformer_feat_level=3,
            out_channels=256,
            pixel_decoder=dict(
                act_cfg=dict(type='ReLU'),
                encoder=dict(
                    init_cfg=None,
                    layer_cfg=dict(
                        ffn_cfg=dict(
                            act_cfg=dict(inplace=True, type='ReLU'),
                            embed_dims=256,
                            feedforward_channels=1024,
                            ffn_drop=0.0,
                            num_fcs=2),
                        self_attn_cfg=dict(
                            batch_first=True,
                            dropout=0.0,
                            embed_dims=256,
                            im2col_step=64,
                            init_cfg=None,
                            norm_cfg=None,
                            num_heads=8,
                            num_levels=3,
                            num_points=4)),
                    num_layers=6),
                init_cfg=None,
                norm_cfg=dict(num_groups=32, type='GN'),
                num_outs=3,
                positional_encoding=dict(normalize=True, num_feats=128),
                type='mmdet.MSDeformAttnPixelDecoder'),
            positional_encoding=dict(normalize=True, num_feats=128),
            strides=[
                4,
                8,
                16,
                32,
            ],
            train_cfg=dict(
                assigner=dict(
                    match_costs=[
                        dict(type='mmdet.ClassificationCost', weight=2.0),
                        dict(
                            type='mmdet.CrossEntropyLossCost',
                            use_sigmoid=True,
                            weight=5.0),
                        dict(
                            eps=1.0,
                            pred_act=True,
                            type='mmdet.DiceCost',
                            weight=5.0),
                    ],
                    type='mmdet.HungarianAssigner'),
                importance_sample_ratio=0.75,
                num_points=12544,
                oversample_ratio=3.0,
                sampler=dict(type='mmdet.MaskPseudoSampler')),
            transformer_decoder=dict(
                init_cfg=None,
                layer_cfg=dict(
                    cross_attn_cfg=dict(
                        attn_drop=0.0,
                        batch_first=True,
                        dropout_layer=None,
                        embed_dims=256,
                        num_heads=8,
                        proj_drop=0.0),
                    ffn_cfg=dict(
                        act_cfg=dict(inplace=True, type='ReLU'),
                        add_identity=True,
                        dropout_layer=None,
                        embed_dims=256,
                        feedforward_channels=2048,
                        ffn_drop=0.0,
                        num_fcs=2),
                    self_attn_cfg=dict(
                        attn_drop=0.0,
                        batch_first=True,
                        dropout_layer=None,
                        embed_dims=256,
                        num_heads=8,
                        proj_drop=0.0)),
                num_layers=9,
                return_intermediate=True),
            type='Mask2FormerHead'),
        test_cfg=dict(mode='whole'),
        train_cfg=dict(),
        type='EncoderDecoder'),
    type='SegTTAModel')
tta_pipeline = [
    dict(backend_args=None, type='LoadImageFromFile'),
    dict(
        transforms=[
            [
                dict(keep_ratio=True, scale_factor=0.5, type='Resize'),
                dict(keep_ratio=True, scale_factor=0.75, type='Resize'),
                dict(keep_ratio=True, scale_factor=1.0, type='Resize'),
                dict(keep_ratio=True, scale_factor=1.25, type='Resize'),
                dict(keep_ratio=True, scale_factor=1.5, type='Resize'),
                dict(keep_ratio=True, scale_factor=1.75, type='Resize'),
                dict(keep_ratio=True, scale_factor=2.0, type='Resize'),
            ],
            [
                dict(direction='horizontal', prob=0.0, type='RandomFlip'),
                dict(direction='horizontal', prob=1.0, type='RandomFlip'),
            ],
            [
                dict(type='LoadAnnotations'),
            ],
            [
                dict(type='PackSegInputs'),
            ],
        ],
        type='TestTimeAug'),
]
val_cfg = dict(type='ValLoop')
val_dataloader = dict(
    batch_size=4,
    dataset=dict(
        ann_file='splits/challenge.txt',
        data_prefix=dict(img_path='Images', seg_map_path='Labels'),
        data_root='../Dataset',
        pipeline=[
            dict(type='LoadImageFromFile'),
            dict(keep_ratio=True, scale=(
                1920,
                1080,
            ), type='Resize'),
            dict(type='LoadAnnotations'),
            dict(type='PackSegInputs'),
        ],
        type='SoccerNet'),
    num_workers=2,
    persistent_workers=True,
    sampler=dict(shuffle=False, type='DefaultSampler'))
val_evaluator = dict(
    iou_metrics=[
        'mIoU',
    ], type='IoUMetric')
val_interval = 10935
val_pipeline = [
    dict(type='LoadImageFromFile'),
    dict(keep_ratio=True, scale=(
        1920,
        1080,
    ), type='Resize'),
    dict(type='LoadAnnotations'),
    dict(type='PackSegInputs'),
]
vis_backends = [
    dict(type='LocalVisBackend'),
]
visualizer = dict(
    name='visualizer',
    type='SegLocalVisualizer',
    vis_backends=[
        dict(type='LocalVisBackend'),
    ])
work_dir = './work_dirs/mask2former_swin-l-in22k-384x384-pre_8xb2-90k_cityscapes-512x1024/challenge/tta'

2024/07/28 14:42:23 - mmengine - INFO - Distributed training is not used, all SyncBatchNorm (SyncBN) layers in the model will be automatically reverted to BatchNormXd layers if they are used.
2024/07/28 14:42:23 - mmengine - INFO - Hooks will be executed in the following order:
before_run:
(VERY_HIGH   ) RuntimeInfoHook                    
(BELOW_NORMAL) LoggerHook                         
 -------------------- 
before_train:
(VERY_HIGH   ) RuntimeInfoHook                    
(NORMAL      ) IterTimerHook                      
(VERY_LOW    ) CheckpointHook                     
 -------------------- 
before_train_epoch:
(VERY_HIGH   ) RuntimeInfoHook                    
(NORMAL      ) IterTimerHook                      
(NORMAL      ) DistSamplerSeedHook                
 -------------------- 
before_train_iter:
(VERY_HIGH   ) RuntimeInfoHook                    
(NORMAL      ) IterTimerHook                      
 -------------------- 
after_train_iter:
(VERY_HIGH   ) RuntimeInfoHook                    
(NORMAL      ) IterTimerHook                      
(NORMAL      ) SegVisualizationHook               
(BELOW_NORMAL) LoggerHook                         
(LOW         ) ParamSchedulerHook                 
(VERY_LOW    ) CheckpointHook                     
 -------------------- 
after_train_epoch:
(NORMAL      ) IterTimerHook                      
(LOW         ) ParamSchedulerHook                 
(VERY_LOW    ) CheckpointHook                     
 -------------------- 
before_val:
(VERY_HIGH   ) RuntimeInfoHook                    
 -------------------- 
before_val_epoch:
(NORMAL      ) IterTimerHook                      
 -------------------- 
before_val_iter:
(NORMAL      ) IterTimerHook                      
 -------------------- 
after_val_iter:
(NORMAL      ) IterTimerHook                      
(NORMAL      ) SegVisualizationHook               
(BELOW_NORMAL) LoggerHook                         
 -------------------- 
after_val_epoch:
(VERY_HIGH   ) RuntimeInfoHook                    
(NORMAL      ) IterTimerHook                      
(BELOW_NORMAL) LoggerHook                         
(LOW         ) ParamSchedulerHook                 
(VERY_LOW    ) CheckpointHook                     
 -------------------- 
after_val:
(VERY_HIGH   ) RuntimeInfoHook                    
 -------------------- 
after_train:
(VERY_HIGH   ) RuntimeInfoHook                    
(VERY_LOW    ) CheckpointHook                     
 -------------------- 
before_test:
(VERY_HIGH   ) RuntimeInfoHook                    
 -------------------- 
before_test_epoch:
(NORMAL      ) IterTimerHook                      
 -------------------- 
before_test_iter:
(NORMAL      ) IterTimerHook                      
 -------------------- 
after_test_iter:
(NORMAL      ) IterTimerHook                      
(NORMAL      ) SegVisualizationHook               
(BELOW_NORMAL) LoggerHook                         
 -------------------- 
after_test_epoch:
(VERY_HIGH   ) RuntimeInfoHook                    
(NORMAL      ) IterTimerHook                      
(BELOW_NORMAL) LoggerHook                         
 -------------------- 
after_test:
(VERY_HIGH   ) RuntimeInfoHook                    
 -------------------- 
after_run:
(BELOW_NORMAL) LoggerHook                         
 -------------------- 
2024/07/28 14:42:24 - mmengine - WARNING - The prefix is not set in metric class IoUMetric.
2024/07/28 14:42:27 - mmengine - INFO - Load checkpoint from work_dirs/challenge_mask2former_swin-l-in22k-384x384-pre_8xb2-90k_cityscapes-512x1024/20240728_100106/best_mIoU_iter_10935.pth
2024/07/28 14:45:17 - mmengine - INFO - Iter(test) [ 15/325]    eta: 0:58:35  time: 10.8792  data_time: 0.0492  memory: 26162  
2024/07/28 14:48:01 - mmengine - INFO - Iter(test) [ 30/325]    eta: 0:54:39  time: 10.8892  data_time: 0.0557  memory: 10985  
2024/07/28 14:50:44 - mmengine - INFO - Iter(test) [ 45/325]    eta: 0:51:31  time: 10.8751  data_time: 0.0507  memory: 10985  
2024/07/28 14:53:27 - mmengine - INFO - Iter(test) [ 60/325]    eta: 0:48:35  time: 10.8850  data_time: 0.0489  memory: 10985  
2024/07/28 14:56:10 - mmengine - INFO - Iter(test) [ 75/325]    eta: 0:45:44  time: 10.8841  data_time: 0.0491  memory: 10985  
2024/07/28 14:58:54 - mmengine - INFO - Iter(test) [ 90/325]    eta: 0:42:56  time: 10.8865  data_time: 0.0488  memory: 10985  
2024/07/28 15:01:44 - mmengine - INFO - Iter(test) [105/325]    eta: 0:40:24  time: 11.6171  data_time: 0.8052  memory: 10985  
2024/07/28 15:04:27 - mmengine - INFO - Iter(test) [120/325]    eta: 0:37:35  time: 10.8897  data_time: 0.0502  memory: 10985  
2024/07/28 15:07:11 - mmengine - INFO - Iter(test) [135/325]    eta: 0:34:47  time: 10.8886  data_time: 0.0516  memory: 10985  
2024/07/28 15:09:54 - mmengine - INFO - Iter(test) [150/325]    eta: 0:32:01  time: 10.8787  data_time: 0.0494  memory: 10985  
2024/07/28 15:12:37 - mmengine - INFO - Iter(test) [165/325]    eta: 0:29:15  time: 10.8712  data_time: 0.0490  memory: 10985  
2024/07/28 15:15:20 - mmengine - INFO - Iter(test) [180/325]    eta: 0:26:29  time: 10.8807  data_time: 0.0484  memory: 10985  
2024/07/28 15:18:03 - mmengine - INFO - Iter(test) [195/325]    eta: 0:23:44  time: 10.8618  data_time: 0.0492  memory: 10985  
2024/07/28 15:20:52 - mmengine - INFO - Iter(test) [210/325]    eta: 0:21:02  time: 11.4607  data_time: 0.6487  memory: 10985  
2024/07/28 15:23:35 - mmengine - INFO - Iter(test) [225/325]    eta: 0:18:16  time: 10.8857  data_time: 0.0498  memory: 10985  
2024/07/28 15:26:19 - mmengine - INFO - Iter(test) [240/325]    eta: 0:15:31  time: 10.8905  data_time: 0.0502  memory: 10985  
2024/07/28 15:29:02 - mmengine - INFO - Iter(test) [255/325]    eta: 0:12:47  time: 10.8631  data_time: 0.0489  memory: 10985  
2024/07/28 15:31:45 - mmengine - INFO - Iter(test) [270/325]    eta: 0:10:02  time: 10.8887  data_time: 0.0502  memory: 10985  
2024/07/28 15:34:28 - mmengine - INFO - Iter(test) [285/325]    eta: 0:07:18  time: 10.8818  data_time: 0.0488  memory: 10985  
2024/07/28 15:37:17 - mmengine - INFO - Iter(test) [300/325]    eta: 0:04:33  time: 10.8960  data_time: 0.0518  memory: 10985  
2024/07/28 15:40:00 - mmengine - INFO - Iter(test) [315/325]    eta: 0:01:49  time: 10.8558  data_time: 0.0494  memory: 10985  
2024/07/28 15:41:49 - mmengine - INFO - per class results:
2024/07/28 15:41:49 - mmengine - INFO - 
+--------------------+-------+-------+
|       Class        |  IoU  |  Acc  |
+--------------------+-------+-------+
| Outside billboards | 99.84 | 99.94 |
|     Billboard      | 96.54 | 98.56 |
|      Goal net      | 94.05 | 97.75 |
|     Occlusion      | 47.09 | 51.96 |
+--------------------+-------+-------+
2024/07/28 15:41:49 - mmengine - INFO - Iter(test) [325/325]    aAcc: 99.8000  mIoU: 84.3800  mAcc: 87.0500  data_time: 0.1128  time: 10.9594
